{"C:\\Users\\amelichev\\Desktop\\JS\\rsSchoolReact\\React2024Q3\\RSS-React\\src\\App.tsx": {"path":"C:\\Users\\amelichev\\Desktop\\JS\\rsSchoolReact\\React2024Q3\\RSS-React\\src\\App.tsx","all":true,"statementMap":{"0":{"start":{"line":1,"column":0},"end":{"line":1,"column":55}},"1":{"start":{"line":2,"column":0},"end":{"line":2,"column":55}},"2":{"start":{"line":3,"column":0},"end":{"line":3,"column":74}},"3":{"start":{"line":4,"column":0},"end":{"line":4,"column":53}},"5":{"start":{"line":6,"column":0},"end":{"line":6,"column":44}},"6":{"start":{"line":7,"column":0},"end":{"line":7,"column":10}},"7":{"start":{"line":8,"column":0},"end":{"line":8,"column":19}},"8":{"start":{"line":9,"column":0},"end":{"line":9,"column":8}},"9":{"start":{"line":10,"column":0},"end":{"line":10,"column":23}},"10":{"start":{"line":11,"column":0},"end":{"line":11,"column":18}},"11":{"start":{"line":12,"column":0},"end":{"line":12,"column":72}},"13":{"start":{"line":14,"column":0},"end":{"line":14,"column":72}},"14":{"start":{"line":15,"column":0},"end":{"line":15,"column":57}},"15":{"start":{"line":16,"column":0},"end":{"line":16,"column":19}},"16":{"start":{"line":17,"column":0},"end":{"line":17,"column":24}},"17":{"start":{"line":18,"column":0},"end":{"line":18,"column":9}},"18":{"start":{"line":19,"column":0},"end":{"line":19,"column":20}},"20":{"start":{"line":21,"column":0},"end":{"line":21,"column":1}}},"s":{"0":0,"1":0,"2":0,"3":0,"5":0,"6":0,"7":0,"8":0,"9":0,"10":0,"11":0,"13":0,"14":0,"15":0,"16":0,"17":0,"18":0,"20":0},"branchMap":{"0":{"type":"branch","line":1,"loc":{"start":{"line":1,"column":0},"end":{"line":21,"column":-432}},"locations":[{"start":{"line":1,"column":0},"end":{"line":21,"column":-432}}]}},"b":{"0":[0]},"fnMap":{"0":{"name":"(empty-report)","decl":{"start":{"line":1,"column":0},"end":{"line":21,"column":-432}},"loc":{"start":{"line":1,"column":0},"end":{"line":21,"column":-432}},"line":1}},"f":{"0":0}}
,"C:\\Users\\amelichev\\Desktop\\JS\\rsSchoolReact\\React2024Q3\\RSS-React\\src\\main.tsx": {"path":"C:\\Users\\amelichev\\Desktop\\JS\\rsSchoolReact\\React2024Q3\\RSS-React\\src\\main.tsx","all":true,"statementMap":{"0":{"start":{"line":1,"column":0},"end":{"line":1,"column":26}},"1":{"start":{"line":2,"column":0},"end":{"line":2,"column":40}},"2":{"start":{"line":3,"column":0},"end":{"line":3,"column":24}},"3":{"start":{"line":4,"column":0},"end":{"line":4,"column":20}},"5":{"start":{"line":6,"column":0},"end":{"line":6,"column":61}},"6":{"start":{"line":7,"column":0},"end":{"line":7,"column":20}},"7":{"start":{"line":8,"column":0},"end":{"line":8,"column":11}},"8":{"start":{"line":9,"column":0},"end":{"line":9,"column":21}},"9":{"start":{"line":10,"column":0},"end":{"line":10,"column":2}}},"s":{"0":0,"1":0,"2":0,"3":0,"5":0,"6":0,"7":0,"8":0,"9":0},"branchMap":{"0":{"type":"branch","line":1,"loc":{"start":{"line":1,"column":243},"end":{"line":10,"column":2}},"locations":[{"start":{"line":1,"column":243},"end":{"line":10,"column":2}}]}},"b":{"0":[0]},"fnMap":{"0":{"name":"(empty-report)","decl":{"start":{"line":1,"column":243},"end":{"line":10,"column":2}},"loc":{"start":{"line":1,"column":243},"end":{"line":10,"column":2}},"line":1}},"f":{"0":0}}
,"C:\\Users\\amelichev\\Desktop\\JS\\rsSchoolReact\\React2024Q3\\RSS-React\\src\\components\\Cards.tsx": {"path":"C:\\Users\\amelichev\\Desktop\\JS\\rsSchoolReact\\React2024Q3\\RSS-React\\src\\components\\Cards.tsx","all":false,"statementMap":{"0":{"start":{"line":1,"column":0},"end":{"line":1,"column":48}},"8":{"start":{"line":9,"column":0},"end":{"line":9,"column":31}},"9":{"start":{"line":10,"column":0},"end":{"line":10,"column":12}},"10":{"start":{"line":11,"column":0},"end":{"line":11,"column":14}},"11":{"start":{"line":12,"column":0},"end":{"line":12,"column":32}},"12":{"start":{"line":13,"column":0},"end":{"line":13,"column":39}},"13":{"start":{"line":14,"column":0},"end":{"line":14,"column":16}},"14":{"start":{"line":15,"column":0},"end":{"line":15,"column":3}},"16":{"start":{"line":17,"column":0},"end":{"line":17,"column":38}},"17":{"start":{"line":18,"column":0},"end":{"line":18,"column":78}},"18":{"start":{"line":19,"column":0},"end":{"line":19,"column":3}},"20":{"start":{"line":21,"column":0},"end":{"line":21,"column":10}},"21":{"start":{"line":22,"column":0},"end":{"line":22,"column":54}},"22":{"start":{"line":23,"column":0},"end":{"line":23,"column":49}},"23":{"start":{"line":24,"column":0},"end":{"line":24,"column":12}},"24":{"start":{"line":25,"column":0},"end":{"line":25,"column":33}},"25":{"start":{"line":26,"column":0},"end":{"line":26,"column":21}},"26":{"start":{"line":27,"column":0},"end":{"line":27,"column":63}},"28":{"start":{"line":29,"column":0},"end":{"line":29,"column":58}},"29":{"start":{"line":30,"column":0},"end":{"line":30,"column":43}},"30":{"start":{"line":31,"column":0},"end":{"line":31,"column":38}},"31":{"start":{"line":32,"column":0},"end":{"line":32,"column":16}},"32":{"start":{"line":33,"column":0},"end":{"line":33,"column":14}},"33":{"start":{"line":34,"column":0},"end":{"line":34,"column":9}},"34":{"start":{"line":35,"column":0},"end":{"line":35,"column":10}},"36":{"start":{"line":37,"column":0},"end":{"line":37,"column":1}}},"s":{"0":1,"8":12,"9":12,"10":12,"11":12,"12":12,"13":5,"14":5,"16":11,"17":1,"18":1,"20":6,"21":6,"22":6,"23":12,"24":12,"25":12,"26":12,"28":12,"29":12,"30":12,"31":12,"32":12,"33":6,"34":6,"36":6},"branchMap":{"0":{"type":"branch","line":9,"loc":{"start":{"line":9,"column":0},"end":{"line":37,"column":1}},"locations":[{"start":{"line":9,"column":0},"end":{"line":37,"column":1}}]},"1":{"type":"branch","line":13,"loc":{"start":{"line":13,"column":38},"end":{"line":37,"column":1}},"locations":[{"start":{"line":13,"column":38},"end":{"line":37,"column":1}}]},"2":{"type":"branch","line":13,"loc":{"start":{"line":13,"column":38},"end":{"line":15,"column":3}},"locations":[{"start":{"line":13,"column":38},"end":{"line":15,"column":3}}]},"3":{"type":"branch","line":15,"loc":{"start":{"line":15,"column":2},"end":{"line":17,"column":37}},"locations":[{"start":{"line":15,"column":2},"end":{"line":17,"column":37}}]},"4":{"type":"branch","line":17,"loc":{"start":{"line":17,"column":37},"end":{"line":19,"column":3}},"locations":[{"start":{"line":17,"column":37},"end":{"line":19,"column":3}}]},"5":{"type":"branch","line":19,"loc":{"start":{"line":19,"column":2},"end":{"line":37,"column":1}},"locations":[{"start":{"line":19,"column":2},"end":{"line":37,"column":1}}]},"6":{"type":"branch","line":23,"loc":{"start":{"line":23,"column":29},"end":{"line":33,"column":14}},"locations":[{"start":{"line":23,"column":29},"end":{"line":33,"column":14}}]},"7":{"type":"branch","line":27,"loc":{"start":{"line":27,"column":19},"end":{"line":27,"column":63}},"locations":[{"start":{"line":27,"column":19},"end":{"line":27,"column":63}}]}},"b":{"0":[12],"1":[11],"2":[5],"3":[7],"4":[1],"5":[6],"6":[12],"7":[1]},"fnMap":{"0":{"name":"Cards","decl":{"start":{"line":9,"column":0},"end":{"line":37,"column":1}},"loc":{"start":{"line":9,"column":0},"end":{"line":37,"column":1}},"line":9},"1":{"name":"onClick","decl":{"start":{"line":27,"column":19},"end":{"line":27,"column":63}},"loc":{"start":{"line":27,"column":19},"end":{"line":27,"column":63}},"line":27}},"f":{"0":12,"1":1}}
,"C:\\Users\\amelichev\\Desktop\\JS\\rsSchoolReact\\React2024Q3\\RSS-React\\src\\components\\CharacterDetails.tsx": {"path":"C:\\Users\\amelichev\\Desktop\\JS\\rsSchoolReact\\React2024Q3\\RSS-React\\src\\components\\CharacterDetails.tsx","all":false,"statementMap":{"0":{"start":{"line":1,"column":0},"end":{"line":1,"column":59}},"15":{"start":{"line":16,"column":0},"end":{"line":16,"column":42}},"16":{"start":{"line":17,"column":0},"end":{"line":17,"column":12}},"17":{"start":{"line":18,"column":0},"end":{"line":18,"column":10}},"18":{"start":{"line":19,"column":0},"end":{"line":19,"column":25}},"19":{"start":{"line":20,"column":0},"end":{"line":20,"column":10}},"20":{"start":{"line":21,"column":0},"end":{"line":21,"column":76}},"21":{"start":{"line":22,"column":0},"end":{"line":22,"column":42}},"22":{"start":{"line":23,"column":0},"end":{"line":23,"column":31}},"23":{"start":{"line":24,"column":0},"end":{"line":24,"column":56}},"24":{"start":{"line":25,"column":0},"end":{"line":25,"column":39}},"25":{"start":{"line":26,"column":0},"end":{"line":26,"column":41}},"26":{"start":{"line":27,"column":0},"end":{"line":27,"column":39}},"27":{"start":{"line":28,"column":0},"end":{"line":28,"column":10}},"29":{"start":{"line":30,"column":0},"end":{"line":30,"column":1}}},"s":{"0":1,"15":2,"16":2,"17":2,"18":2,"19":2,"20":2,"21":2,"22":2,"23":2,"24":2,"25":2,"26":2,"27":2,"29":2},"branchMap":{"0":{"type":"branch","line":16,"loc":{"start":{"line":16,"column":0},"end":{"line":30,"column":1}},"locations":[{"start":{"line":16,"column":0},"end":{"line":30,"column":1}}]}},"b":{"0":[2]},"fnMap":{"0":{"name":"CharacterDetails","decl":{"start":{"line":16,"column":0},"end":{"line":30,"column":1}},"loc":{"start":{"line":16,"column":0},"end":{"line":30,"column":1}},"line":16}},"f":{"0":2}}
,"C:\\Users\\amelichev\\Desktop\\JS\\rsSchoolReact\\React2024Q3\\RSS-React\\src\\components\\Content.tsx": {"path":"C:\\Users\\amelichev\\Desktop\\JS\\rsSchoolReact\\React2024Q3\\RSS-React\\src\\components\\Content.tsx","all":false,"statementMap":{"0":{"start":{"line":1,"column":0},"end":{"line":1,"column":38}},"1":{"start":{"line":2,"column":0},"end":{"line":2,"column":28}},"3":{"start":{"line":4,"column":0},"end":{"line":4,"column":50}},"12":{"start":{"line":13,"column":0},"end":{"line":13,"column":33}},"13":{"start":{"line":14,"column":0},"end":{"line":14,"column":17}},"14":{"start":{"line":15,"column":0},"end":{"line":15,"column":12}},"15":{"start":{"line":16,"column":0},"end":{"line":16,"column":22}},"16":{"start":{"line":17,"column":0},"end":{"line":17,"column":18}},"17":{"start":{"line":18,"column":0},"end":{"line":18,"column":25}},"18":{"start":{"line":19,"column":0},"end":{"line":19,"column":10}},"19":{"start":{"line":20,"column":0},"end":{"line":20,"column":36}},"20":{"start":{"line":21,"column":0},"end":{"line":21,"column":67}},"21":{"start":{"line":22,"column":0},"end":{"line":22,"column":75}},"22":{"start":{"line":23,"column":0},"end":{"line":23,"column":10}},"24":{"start":{"line":25,"column":0},"end":{"line":25,"column":1}}},"s":{"0":1,"1":1,"3":1,"12":11,"13":11,"14":11,"15":11,"16":11,"17":11,"18":11,"19":11,"20":11,"21":11,"22":11,"24":11},"branchMap":{"0":{"type":"branch","line":13,"loc":{"start":{"line":13,"column":0},"end":{"line":25,"column":1}},"locations":[{"start":{"line":13,"column":0},"end":{"line":25,"column":1}}]},"1":{"type":"branch","line":22,"loc":{"start":{"line":22,"column":7},"end":{"line":22,"column":75}},"locations":[{"start":{"line":22,"column":7},"end":{"line":22,"column":75}}]}},"b":{"0":[11],"1":[9]},"fnMap":{"0":{"name":"Content","decl":{"start":{"line":13,"column":0},"end":{"line":25,"column":1}},"loc":{"start":{"line":13,"column":0},"end":{"line":25,"column":1}},"line":13}},"f":{"0":11}}
,"C:\\Users\\amelichev\\Desktop\\JS\\rsSchoolReact\\React2024Q3\\RSS-React\\src\\components\\ErrorBoundary.tsx": {"path":"C:\\Users\\amelichev\\Desktop\\JS\\rsSchoolReact\\React2024Q3\\RSS-React\\src\\components\\ErrorBoundary.tsx","all":false,"statementMap":{"0":{"start":{"line":1,"column":0},"end":{"line":1,"column":45}},"1":{"start":{"line":2,"column":0},"end":{"line":2,"column":56}},"11":{"start":{"line":12,"column":0},"end":{"line":12,"column":55}},"12":{"start":{"line":13,"column":0},"end":{"line":13,"column":30}},"13":{"start":{"line":14,"column":0},"end":{"line":14,"column":17}},"14":{"start":{"line":15,"column":0},"end":{"line":15,"column":37}},"15":{"start":{"line":16,"column":0},"end":{"line":16,"column":3}},"17":{"start":{"line":18,"column":0},"end":{"line":18,"column":64}},"18":{"start":{"line":19,"column":0},"end":{"line":19,"column":38}},"19":{"start":{"line":20,"column":0},"end":{"line":20,"column":43}},"20":{"start":{"line":21,"column":0},"end":{"line":21,"column":64}},"21":{"start":{"line":22,"column":0},"end":{"line":22,"column":3}},"23":{"start":{"line":24,"column":0},"end":{"line":24,"column":23}},"24":{"start":{"line":25,"column":0},"end":{"line":25,"column":30}},"25":{"start":{"line":26,"column":0},"end":{"line":26,"column":14}},"26":{"start":{"line":27,"column":0},"end":{"line":27,"column":46}},"27":{"start":{"line":28,"column":0},"end":{"line":28,"column":40}},"28":{"start":{"line":29,"column":0},"end":{"line":29,"column":31}},"29":{"start":{"line":30,"column":0},"end":{"line":30,"column":14}},"31":{"start":{"line":32,"column":0},"end":{"line":32,"column":5}},"32":{"start":{"line":33,"column":0},"end":{"line":33,"column":31}},"33":{"start":{"line":34,"column":0},"end":{"line":34,"column":3}},"34":{"start":{"line":35,"column":0},"end":{"line":35,"column":1}},"36":{"start":{"line":37,"column":0},"end":{"line":37,"column":29}}},"s":{"0":1,"1":1,"11":1,"12":1,"13":3,"14":3,"15":3,"17":1,"18":1,"19":1,"20":1,"21":1,"23":1,"24":3,"25":1,"26":1,"27":1,"28":1,"29":1,"31":1,"32":2,"33":3,"34":1,"36":1},"branchMap":{"0":{"type":"branch","line":13,"loc":{"start":{"line":13,"column":2},"end":{"line":16,"column":3}},"locations":[{"start":{"line":13,"column":2},"end":{"line":16,"column":3}}]},"1":{"type":"branch","line":18,"loc":{"start":{"line":18,"column":2},"end":{"line":22,"column":3}},"locations":[{"start":{"line":18,"column":2},"end":{"line":22,"column":3}}]},"2":{"type":"branch","line":24,"loc":{"start":{"line":24,"column":2},"end":{"line":34,"column":3}},"locations":[{"start":{"line":24,"column":2},"end":{"line":34,"column":3}}]},"3":{"type":"branch","line":25,"loc":{"start":{"line":25,"column":29},"end":{"line":32,"column":5}},"locations":[{"start":{"line":25,"column":29},"end":{"line":32,"column":5}}]},"4":{"type":"branch","line":32,"loc":{"start":{"line":32,"column":4},"end":{"line":33,"column":31}},"locations":[{"start":{"line":32,"column":4},"end":{"line":33,"column":31}}]}},"b":{"0":[3],"1":[1],"2":[3],"3":[1],"4":[2]},"fnMap":{"0":{"name":"ErrorBoundary","decl":{"start":{"line":13,"column":2},"end":{"line":16,"column":3}},"loc":{"start":{"line":13,"column":2},"end":{"line":16,"column":3}},"line":13},"1":{"name":"componentDidCatch","decl":{"start":{"line":18,"column":2},"end":{"line":22,"column":3}},"loc":{"start":{"line":18,"column":2},"end":{"line":22,"column":3}},"line":18},"2":{"name":"render","decl":{"start":{"line":24,"column":2},"end":{"line":34,"column":3}},"loc":{"start":{"line":24,"column":2},"end":{"line":34,"column":3}},"line":24}},"f":{"0":3,"1":1,"2":3}}
,"C:\\Users\\amelichev\\Desktop\\JS\\rsSchoolReact\\React2024Q3\\RSS-React\\src\\components\\Header.tsx": {"path":"C:\\Users\\amelichev\\Desktop\\JS\\rsSchoolReact\\React2024Q3\\RSS-React\\src\\components\\Header.tsx","all":false,"statementMap":{"0":{"start":{"line":1,"column":0},"end":{"line":1,"column":33}},"1":{"start":{"line":2,"column":0},"end":{"line":2,"column":49}},"10":{"start":{"line":11,"column":0},"end":{"line":11,"column":59}},"12":{"start":{"line":13,"column":0},"end":{"line":13,"column":60}},"13":{"start":{"line":14,"column":0},"end":{"line":14,"column":66}},"14":{"start":{"line":15,"column":0},"end":{"line":15,"column":31}},"15":{"start":{"line":16,"column":0},"end":{"line":16,"column":4}},"17":{"start":{"line":18,"column":0},"end":{"line":18,"column":79}},"18":{"start":{"line":19,"column":0},"end":{"line":19,"column":33}},"19":{"start":{"line":20,"column":0},"end":{"line":20,"column":31}},"20":{"start":{"line":21,"column":0},"end":{"line":21,"column":41}},"21":{"start":{"line":22,"column":0},"end":{"line":22,"column":4}},"23":{"start":{"line":24,"column":0},"end":{"line":24,"column":78}},"24":{"start":{"line":25,"column":0},"end":{"line":25,"column":28}},"25":{"start":{"line":26,"column":0},"end":{"line":26,"column":30}},"26":{"start":{"line":27,"column":0},"end":{"line":27,"column":5}},"27":{"start":{"line":28,"column":0},"end":{"line":28,"column":4}},"29":{"start":{"line":30,"column":0},"end":{"line":30,"column":40}},"30":{"start":{"line":31,"column":0},"end":{"line":31,"column":25}},"31":{"start":{"line":32,"column":0},"end":{"line":32,"column":30}},"32":{"start":{"line":33,"column":0},"end":{"line":33,"column":4}},"34":{"start":{"line":35,"column":0},"end":{"line":35,"column":10}},"35":{"start":{"line":36,"column":0},"end":{"line":36,"column":6}},"36":{"start":{"line":37,"column":0},"end":{"line":37,"column":61}},"37":{"start":{"line":38,"column":0},"end":{"line":38,"column":39}},"38":{"start":{"line":39,"column":0},"end":{"line":39,"column":69}},"39":{"start":{"line":40,"column":0},"end":{"line":40,"column":16}},"40":{"start":{"line":41,"column":0},"end":{"line":41,"column":23}},"41":{"start":{"line":42,"column":0},"end":{"line":42,"column":23}},"42":{"start":{"line":43,"column":0},"end":{"line":43,"column":43}},"43":{"start":{"line":44,"column":0},"end":{"line":44,"column":36}},"44":{"start":{"line":45,"column":0},"end":{"line":45,"column":40}},"45":{"start":{"line":46,"column":0},"end":{"line":46,"column":38}},"46":{"start":{"line":47,"column":0},"end":{"line":47,"column":12}},"47":{"start":{"line":48,"column":0},"end":{"line":48,"column":31}},"48":{"start":{"line":49,"column":0},"end":{"line":49,"column":19}},"49":{"start":{"line":50,"column":0},"end":{"line":50,"column":41}},"50":{"start":{"line":51,"column":0},"end":{"line":51,"column":40}},"51":{"start":{"line":52,"column":0},"end":{"line":52,"column":38}},"52":{"start":{"line":53,"column":0},"end":{"line":53,"column":13}},"54":{"start":{"line":55,"column":0},"end":{"line":55,"column":21}},"56":{"start":{"line":57,"column":0},"end":{"line":57,"column":14}},"57":{"start":{"line":58,"column":0},"end":{"line":58,"column":77}},"59":{"start":{"line":60,"column":0},"end":{"line":60,"column":17}},"60":{"start":{"line":61,"column":0},"end":{"line":61,"column":15}},"61":{"start":{"line":62,"column":0},"end":{"line":62,"column":7}},"63":{"start":{"line":64,"column":0},"end":{"line":64,"column":1}}},"s":{"0":1,"1":1,"10":1,"12":18,"13":18,"14":18,"15":18,"17":18,"18":2,"19":2,"20":2,"21":2,"23":18,"24":1,"25":1,"26":1,"27":1,"29":18,"30":0,"31":0,"32":0,"34":18,"35":18,"36":18,"37":18,"38":18,"39":18,"40":18,"41":18,"42":18,"43":18,"44":18,"45":18,"46":18,"47":18,"48":3,"49":3,"50":3,"51":3,"52":3,"54":3,"56":18,"57":18,"59":18,"60":18,"61":18,"63":18},"branchMap":{"0":{"type":"branch","line":13,"loc":{"start":{"line":13,"column":0},"end":{"line":64,"column":1}},"locations":[{"start":{"line":13,"column":0},"end":{"line":64,"column":1}}]},"1":{"type":"branch","line":48,"loc":{"start":{"line":48,"column":11},"end":{"line":55,"column":21}},"locations":[{"start":{"line":48,"column":11},"end":{"line":55,"column":21}}]},"2":{"type":"branch","line":18,"loc":{"start":{"line":18,"column":28},"end":{"line":22,"column":4}},"locations":[{"start":{"line":18,"column":28},"end":{"line":22,"column":4}}]},"3":{"type":"branch","line":24,"loc":{"start":{"line":24,"column":25},"end":{"line":28,"column":4}},"locations":[{"start":{"line":24,"column":25},"end":{"line":28,"column":4}}]}},"b":{"0":[18],"1":[3],"2":[2],"3":[1]},"fnMap":{"0":{"name":"Header","decl":{"start":{"line":13,"column":0},"end":{"line":64,"column":1}},"loc":{"start":{"line":13,"column":0},"end":{"line":64,"column":1}},"line":13},"1":{"name":"handleInputChange","decl":{"start":{"line":18,"column":28},"end":{"line":22,"column":4}},"loc":{"start":{"line":18,"column":28},"end":{"line":22,"column":4}},"line":18},"2":{"name":"handleKeyPress","decl":{"start":{"line":24,"column":25},"end":{"line":28,"column":4}},"loc":{"start":{"line":24,"column":25},"end":{"line":28,"column":4}},"line":24},"3":{"name":"handleClearInput","decl":{"start":{"line":30,"column":27},"end":{"line":33,"column":4}},"loc":{"start":{"line":30,"column":27},"end":{"line":33,"column":4}},"line":30}},"f":{"0":18,"1":2,"2":1,"3":0}}
,"C:\\Users\\amelichev\\Desktop\\JS\\rsSchoolReact\\React2024Q3\\RSS-React\\src\\components\\NotFoundPage.tsx": {"path":"C:\\Users\\amelichev\\Desktop\\JS\\rsSchoolReact\\React2024Q3\\RSS-React\\src\\components\\NotFoundPage.tsx","all":false,"statementMap":{"0":{"start":{"line":1,"column":0},"end":{"line":1,"column":55}},"2":{"start":{"line":3,"column":0},"end":{"line":3,"column":53}},"3":{"start":{"line":4,"column":0},"end":{"line":4,"column":10}},"4":{"start":{"line":5,"column":0},"end":{"line":5,"column":68}},"5":{"start":{"line":6,"column":0},"end":{"line":6,"column":45}},"6":{"start":{"line":7,"column":0},"end":{"line":7,"column":10}},"8":{"start":{"line":9,"column":0},"end":{"line":9,"column":1}}},"s":{"0":1,"2":2,"3":2,"4":2,"5":2,"6":2,"8":2},"branchMap":{"0":{"type":"branch","line":3,"loc":{"start":{"line":3,"column":0},"end":{"line":9,"column":1}},"locations":[{"start":{"line":3,"column":0},"end":{"line":9,"column":1}}]}},"b":{"0":[2]},"fnMap":{"0":{"name":"NotFoundPage","decl":{"start":{"line":3,"column":0},"end":{"line":9,"column":1}},"loc":{"start":{"line":3,"column":0},"end":{"line":9,"column":1}},"line":3}},"f":{"0":2}}
,"C:\\Users\\amelichev\\Desktop\\JS\\rsSchoolReact\\React2024Q3\\RSS-React\\src\\components\\PageContainer.tsx": {"path":"C:\\Users\\amelichev\\Desktop\\JS\\rsSchoolReact\\React2024Q3\\RSS-React\\src\\components\\PageContainer.tsx","all":false,"statementMap":{"0":{"start":{"line":1,"column":0},"end":{"line":1,"column":52}},"1":{"start":{"line":2,"column":0},"end":{"line":2,"column":58}},"2":{"start":{"line":3,"column":0},"end":{"line":3,"column":30}},"3":{"start":{"line":4,"column":0},"end":{"line":4,"column":30}},"4":{"start":{"line":5,"column":0},"end":{"line":5,"column":50}},"5":{"start":{"line":6,"column":0},"end":{"line":6,"column":47}},"7":{"start":{"line":8,"column":0},"end":{"line":8,"column":55}},"8":{"start":{"line":9,"column":0},"end":{"line":9,"column":56}},"9":{"start":{"line":10,"column":0},"end":{"line":10,"column":42}},"10":{"start":{"line":11,"column":0},"end":{"line":11,"column":32}},"12":{"start":{"line":13,"column":0},"end":{"line":13,"column":54}},"13":{"start":{"line":14,"column":0},"end":{"line":14,"column":74}},"14":{"start":{"line":15,"column":0},"end":{"line":15,"column":52}},"15":{"start":{"line":16,"column":0},"end":{"line":16,"column":67}},"16":{"start":{"line":17,"column":0},"end":{"line":17,"column":20}},"17":{"start":{"line":18,"column":0},"end":{"line":18,"column":55}},"18":{"start":{"line":19,"column":0},"end":{"line":19,"column":44}},"19":{"start":{"line":20,"column":0},"end":{"line":20,"column":4}},"20":{"start":{"line":21,"column":0},"end":{"line":21,"column":80}},"21":{"start":{"line":22,"column":0},"end":{"line":22,"column":8}},"22":{"start":{"line":23,"column":0},"end":{"line":23,"column":4}},"23":{"start":{"line":24,"column":0},"end":{"line":24,"column":29}},"24":{"start":{"line":25,"column":0},"end":{"line":25,"column":54}},"25":{"start":{"line":26,"column":0},"end":{"line":26,"column":66}},"26":{"start":{"line":27,"column":0},"end":{"line":27,"column":61}},"27":{"start":{"line":28,"column":0},"end":{"line":28,"column":33}},"28":{"start":{"line":29,"column":0},"end":{"line":29,"column":50}},"30":{"start":{"line":31,"column":0},"end":{"line":31,"column":19}},"31":{"start":{"line":32,"column":0},"end":{"line":32,"column":67}},"33":{"start":{"line":34,"column":0},"end":{"line":34,"column":31}},"34":{"start":{"line":35,"column":0},"end":{"line":35,"column":59}},"36":{"start":{"line":37,"column":0},"end":{"line":37,"column":29}},"37":{"start":{"line":38,"column":0},"end":{"line":38,"column":31}},"38":{"start":{"line":39,"column":0},"end":{"line":39,"column":50}},"39":{"start":{"line":40,"column":0},"end":{"line":40,"column":7}},"41":{"start":{"line":42,"column":0},"end":{"line":42,"column":27}},"42":{"start":{"line":43,"column":0},"end":{"line":43,"column":43}},"43":{"start":{"line":44,"column":0},"end":{"line":44,"column":14}},"44":{"start":{"line":45,"column":0},"end":{"line":45,"column":26}},"45":{"start":{"line":46,"column":0},"end":{"line":46,"column":7}},"46":{"start":{"line":47,"column":0},"end":{"line":47,"column":5}},"48":{"start":{"line":49,"column":0},"end":{"line":49,"column":30}},"49":{"start":{"line":50,"column":0},"end":{"line":50,"column":43}},"50":{"start":{"line":51,"column":0},"end":{"line":51,"column":5}},"51":{"start":{"line":52,"column":0},"end":{"line":52,"column":23}},"53":{"start":{"line":54,"column":0},"end":{"line":54,"column":35}},"54":{"start":{"line":55,"column":0},"end":{"line":55,"column":28}},"55":{"start":{"line":56,"column":0},"end":{"line":56,"column":34}},"56":{"start":{"line":57,"column":0},"end":{"line":57,"column":12}},"57":{"start":{"line":58,"column":0},"end":{"line":58,"column":29}},"58":{"start":{"line":59,"column":0},"end":{"line":59,"column":5}},"59":{"start":{"line":60,"column":0},"end":{"line":60,"column":51}},"60":{"start":{"line":61,"column":0},"end":{"line":61,"column":4}},"62":{"start":{"line":63,"column":0},"end":{"line":63,"column":59}},"63":{"start":{"line":64,"column":0},"end":{"line":64,"column":30}},"64":{"start":{"line":65,"column":0},"end":{"line":65,"column":4}},"66":{"start":{"line":67,"column":0},"end":{"line":67,"column":72}},"67":{"start":{"line":68,"column":0},"end":{"line":68,"column":33}},"68":{"start":{"line":69,"column":0},"end":{"line":69,"column":19}},"69":{"start":{"line":70,"column":0},"end":{"line":70,"column":69}},"70":{"start":{"line":71,"column":0},"end":{"line":71,"column":6}},"72":{"start":{"line":73,"column":0},"end":{"line":73,"column":15}},"73":{"start":{"line":74,"column":0},"end":{"line":74,"column":25}},"74":{"start":{"line":75,"column":0},"end":{"line":75,"column":5}},"76":{"start":{"line":77,"column":0},"end":{"line":77,"column":23}},"77":{"start":{"line":78,"column":0},"end":{"line":78,"column":29}},"78":{"start":{"line":79,"column":0},"end":{"line":79,"column":38}},"79":{"start":{"line":80,"column":0},"end":{"line":80,"column":4}},"81":{"start":{"line":82,"column":0},"end":{"line":82,"column":76}},"82":{"start":{"line":83,"column":0},"end":{"line":83,"column":27}},"83":{"start":{"line":84,"column":0},"end":{"line":84,"column":35}},"84":{"start":{"line":85,"column":0},"end":{"line":85,"column":21}},"85":{"start":{"line":86,"column":0},"end":{"line":86,"column":71}},"86":{"start":{"line":87,"column":0},"end":{"line":87,"column":8}},"88":{"start":{"line":89,"column":0},"end":{"line":89,"column":17}},"89":{"start":{"line":90,"column":0},"end":{"line":90,"column":27}},"90":{"start":{"line":91,"column":0},"end":{"line":91,"column":7}},"92":{"start":{"line":93,"column":0},"end":{"line":93,"column":30}},"93":{"start":{"line":94,"column":0},"end":{"line":94,"column":25}},"94":{"start":{"line":95,"column":0},"end":{"line":95,"column":12}},"95":{"start":{"line":96,"column":0},"end":{"line":96,"column":31}},"96":{"start":{"line":97,"column":0},"end":{"line":97,"column":24}},"97":{"start":{"line":98,"column":0},"end":{"line":98,"column":5}},"98":{"start":{"line":99,"column":0},"end":{"line":99,"column":36}},"99":{"start":{"line":100,"column":0},"end":{"line":100,"column":4}},"101":{"start":{"line":102,"column":0},"end":{"line":102,"column":64}},"102":{"start":{"line":103,"column":0},"end":{"line":103,"column":66}},"103":{"start":{"line":104,"column":0},"end":{"line":104,"column":72}},"105":{"start":{"line":106,"column":0},"end":{"line":106,"column":15}},"106":{"start":{"line":107,"column":0},"end":{"line":107,"column":33}},"107":{"start":{"line":108,"column":0},"end":{"line":108,"column":5}},"108":{"start":{"line":109,"column":0},"end":{"line":109,"column":4}},"110":{"start":{"line":111,"column":0},"end":{"line":111,"column":42}},"111":{"start":{"line":112,"column":0},"end":{"line":112,"column":31}},"112":{"start":{"line":113,"column":0},"end":{"line":113,"column":4}},"114":{"start":{"line":115,"column":0},"end":{"line":115,"column":40}},"115":{"start":{"line":116,"column":0},"end":{"line":116,"column":22}},"116":{"start":{"line":117,"column":0},"end":{"line":117,"column":27}},"117":{"start":{"line":118,"column":0},"end":{"line":118,"column":43}},"118":{"start":{"line":119,"column":0},"end":{"line":119,"column":4}},"120":{"start":{"line":121,"column":0},"end":{"line":121,"column":10}},"121":{"start":{"line":122,"column":0},"end":{"line":122,"column":6}},"122":{"start":{"line":123,"column":0},"end":{"line":123,"column":13}},"123":{"start":{"line":124,"column":0},"end":{"line":124,"column":37}},"124":{"start":{"line":125,"column":0},"end":{"line":125,"column":41}},"125":{"start":{"line":126,"column":0},"end":{"line":126,"column":31}},"126":{"start":{"line":127,"column":0},"end":{"line":127,"column":39}},"127":{"start":{"line":128,"column":0},"end":{"line":128,"column":8}},"129":{"start":{"line":130,"column":0},"end":{"line":130,"column":44}},"130":{"start":{"line":131,"column":0},"end":{"line":131,"column":22}},"131":{"start":{"line":132,"column":0},"end":{"line":132,"column":20}},"132":{"start":{"line":133,"column":0},"end":{"line":133,"column":24}},"133":{"start":{"line":134,"column":0},"end":{"line":134,"column":26}},"135":{"start":{"line":136,"column":0},"end":{"line":136,"column":18}},"136":{"start":{"line":137,"column":0},"end":{"line":137,"column":43}},"137":{"start":{"line":138,"column":0},"end":{"line":138,"column":33}},"138":{"start":{"line":139,"column":0},"end":{"line":139,"column":53}},"139":{"start":{"line":140,"column":0},"end":{"line":140,"column":45}},"140":{"start":{"line":141,"column":0},"end":{"line":141,"column":12}},"142":{"start":{"line":143,"column":0},"end":{"line":143,"column":38}},"143":{"start":{"line":144,"column":0},"end":{"line":144,"column":20}},"145":{"start":{"line":146,"column":0},"end":{"line":146,"column":32}},"146":{"start":{"line":147,"column":0},"end":{"line":147,"column":16}},"147":{"start":{"line":148,"column":0},"end":{"line":148,"column":52}},"148":{"start":{"line":149,"column":0},"end":{"line":149,"column":39}},"150":{"start":{"line":151,"column":0},"end":{"line":151,"column":31}},"151":{"start":{"line":152,"column":0},"end":{"line":152,"column":45}},"152":{"start":{"line":153,"column":0},"end":{"line":153,"column":44}},"153":{"start":{"line":154,"column":0},"end":{"line":154,"column":16}},"154":{"start":{"line":155,"column":0},"end":{"line":155,"column":18}},"157":{"start":{"line":158,"column":0},"end":{"line":158,"column":12}},"158":{"start":{"line":159,"column":0},"end":{"line":159,"column":7}},"160":{"start":{"line":161,"column":0},"end":{"line":161,"column":1}}},"s":{"0":1,"1":1,"2":1,"3":1,"4":1,"5":1,"7":1,"8":1,"9":1,"10":1,"12":13,"13":13,"14":13,"15":13,"16":13,"17":13,"18":13,"19":13,"20":13,"21":13,"22":13,"23":13,"24":13,"25":13,"26":13,"27":13,"28":13,"30":13,"31":4,"33":4,"34":3,"36":3,"37":1,"38":1,"39":1,"41":3,"42":2,"43":3,"44":1,"45":1,"46":3,"48":4,"49":0,"50":0,"51":13,"53":13,"54":1,"55":1,"56":1,"57":0,"58":0,"59":1,"60":1,"62":13,"63":1,"64":1,"66":13,"67":2,"68":2,"69":2,"70":2,"72":2,"73":2,"74":2,"76":2,"77":2,"78":2,"79":2,"81":13,"82":3,"83":3,"84":3,"85":3,"86":3,"88":2,"89":2,"90":2,"92":2,"93":2,"94":2,"95":0,"96":0,"97":0,"98":2,"99":3,"101":13,"102":1,"103":1,"105":1,"106":1,"107":1,"108":1,"110":13,"111":0,"112":0,"114":13,"115":0,"116":0,"117":0,"118":0,"120":13,"121":13,"122":13,"123":13,"124":13,"125":13,"126":13,"127":13,"129":13,"130":13,"131":1,"132":12,"133":1,"135":11,"136":11,"137":11,"138":11,"139":11,"140":11,"142":13,"143":1,"145":12,"146":1,"147":1,"148":1,"150":1,"151":1,"152":1,"153":1,"154":1,"157":13,"158":13,"160":13},"branchMap":{"0":{"type":"branch","line":13,"loc":{"start":{"line":13,"column":0},"end":{"line":161,"column":1}},"locations":[{"start":{"line":13,"column":0},"end":{"line":161,"column":1}}]},"1":{"type":"branch","line":19,"loc":{"start":{"line":19,"column":37},"end":{"line":19,"column":44}},"locations":[{"start":{"line":19,"column":37},"end":{"line":19,"column":44}}]},"2":{"type":"branch","line":131,"loc":{"start":{"line":131,"column":9},"end":{"line":132,"column":20}},"locations":[{"start":{"line":131,"column":9},"end":{"line":132,"column":20}}]},"3":{"type":"branch","line":132,"loc":{"start":{"line":132,"column":18},"end":{"line":141,"column":12}},"locations":[{"start":{"line":132,"column":18},"end":{"line":141,"column":12}}]},"4":{"type":"branch","line":133,"loc":{"start":{"line":133,"column":12},"end":{"line":134,"column":26}},"locations":[{"start":{"line":133,"column":12},"end":{"line":134,"column":26}}]},"5":{"type":"branch","line":134,"loc":{"start":{"line":134,"column":24},"end":{"line":141,"column":12}},"locations":[{"start":{"line":134,"column":24},"end":{"line":141,"column":12}}]},"6":{"type":"branch","line":143,"loc":{"start":{"line":143,"column":9},"end":{"line":144,"column":20}},"locations":[{"start":{"line":143,"column":9},"end":{"line":144,"column":20}}]},"7":{"type":"branch","line":144,"loc":{"start":{"line":144,"column":18},"end":{"line":155,"column":18}},"locations":[{"start":{"line":144,"column":18},"end":{"line":155,"column":18}}]},"8":{"type":"branch","line":146,"loc":{"start":{"line":146,"column":10},"end":{"line":155,"column":18}},"locations":[{"start":{"line":146,"column":10},"end":{"line":155,"column":18}}]},"9":{"type":"branch","line":31,"loc":{"start":{"line":31,"column":12},"end":{"line":52,"column":5}},"locations":[{"start":{"line":31,"column":12},"end":{"line":52,"column":5}}]},"10":{"type":"branch","line":34,"loc":{"start":{"line":34,"column":30},"end":{"line":47,"column":5}},"locations":[{"start":{"line":34,"column":30},"end":{"line":47,"column":5}}]},"11":{"type":"branch","line":37,"loc":{"start":{"line":37,"column":28},"end":{"line":40,"column":7}},"locations":[{"start":{"line":37,"column":28},"end":{"line":40,"column":7}}]},"12":{"type":"branch","line":42,"loc":{"start":{"line":42,"column":26},"end":{"line":44,"column":13}},"locations":[{"start":{"line":42,"column":26},"end":{"line":44,"column":13}}]},"13":{"type":"branch","line":44,"loc":{"start":{"line":44,"column":6},"end":{"line":46,"column":7}},"locations":[{"start":{"line":44,"column":6},"end":{"line":46,"column":7}}]},"14":{"type":"branch","line":49,"loc":{"start":{"line":49,"column":29},"end":{"line":51,"column":5}},"locations":[{"start":{"line":49,"column":29},"end":{"line":51,"column":5}}]},"15":{"type":"branch","line":54,"loc":{"start":{"line":54,"column":22},"end":{"line":61,"column":4}},"locations":[{"start":{"line":54,"column":22},"end":{"line":61,"column":4}}]},"16":{"type":"branch","line":57,"loc":{"start":{"line":57,"column":4},"end":{"line":59,"column":5}},"locations":[{"start":{"line":57,"column":4},"end":{"line":59,"column":5}}]},"17":{"type":"branch","line":63,"loc":{"start":{"line":63,"column":28},"end":{"line":65,"column":4}},"locations":[{"start":{"line":63,"column":28},"end":{"line":65,"column":4}}]},"18":{"type":"branch","line":67,"loc":{"start":{"line":67,"column":26},"end":{"line":80,"column":4}},"locations":[{"start":{"line":67,"column":26},"end":{"line":80,"column":4}}]},"19":{"type":"branch","line":82,"loc":{"start":{"line":82,"column":30},"end":{"line":100,"column":4}},"locations":[{"start":{"line":82,"column":30},"end":{"line":100,"column":4}}]},"20":{"type":"branch","line":87,"loc":{"start":{"line":87,"column":6},"end":{"line":99,"column":36}},"locations":[{"start":{"line":87,"column":6},"end":{"line":99,"column":36}}]},"21":{"type":"branch","line":95,"loc":{"start":{"line":95,"column":4},"end":{"line":98,"column":5}},"locations":[{"start":{"line":95,"column":4},"end":{"line":98,"column":5}}]},"22":{"type":"branch","line":102,"loc":{"start":{"line":102,"column":26},"end":{"line":109,"column":4}},"locations":[{"start":{"line":102,"column":26},"end":{"line":109,"column":4}}]}},"b":{"0":[13],"1":[10],"2":[1],"3":[12],"4":[1],"5":[11],"6":[1],"7":[12],"8":[1],"9":[4],"10":[3],"11":[1],"12":[2],"13":[1],"14":[0],"15":[1],"16":[0],"17":[1],"18":[2],"19":[3],"20":[2],"21":[0],"22":[1]},"fnMap":{"0":{"name":"PageContainer","decl":{"start":{"line":13,"column":0},"end":{"line":161,"column":1}},"loc":{"start":{"line":13,"column":0},"end":{"line":161,"column":1}},"line":13},"1":{"name":"fetchHeader","decl":{"start":{"line":54,"column":22},"end":{"line":61,"column":4}},"loc":{"start":{"line":54,"column":22},"end":{"line":61,"column":4}},"line":54},"2":{"name":"handleInputChange","decl":{"start":{"line":63,"column":28},"end":{"line":65,"column":4}},"loc":{"start":{"line":63,"column":28},"end":{"line":65,"column":4}},"line":63},"3":{"name":"fetchSearchData","decl":{"start":{"line":67,"column":26},"end":{"line":80,"column":4}},"loc":{"start":{"line":67,"column":26},"end":{"line":80,"column":4}},"line":67},"4":{"name":"fetchPaginationData","decl":{"start":{"line":82,"column":30},"end":{"line":100,"column":4}},"loc":{"start":{"line":82,"column":30},"end":{"line":100,"column":4}},"line":82},"5":{"name":"handleCardClick","decl":{"start":{"line":102,"column":26},"end":{"line":109,"column":4}},"loc":{"start":{"line":102,"column":26},"end":{"line":109,"column":4}},"line":102},"6":{"name":"handleCloseDetails","decl":{"start":{"line":111,"column":29},"end":{"line":113,"column":4}},"loc":{"start":{"line":111,"column":29},"end":{"line":113,"column":4}},"line":111},"7":{"name":"handleClearInput","decl":{"start":{"line":115,"column":27},"end":{"line":119,"column":4}},"loc":{"start":{"line":115,"column":27},"end":{"line":119,"column":4}},"line":115}},"f":{"0":13,"1":1,"2":1,"3":2,"4":3,"5":1,"6":0,"7":0}}
,"C:\\Users\\amelichev\\Desktop\\JS\\rsSchoolReact\\React2024Q3\\RSS-React\\src\\components\\Pagination.tsx": {"path":"C:\\Users\\amelichev\\Desktop\\JS\\rsSchoolReact\\React2024Q3\\RSS-React\\src\\components\\Pagination.tsx","all":false,"statementMap":{"0":{"start":{"line":1,"column":0},"end":{"line":1,"column":33}},"1":{"start":{"line":2,"column":0},"end":{"line":2,"column":74}},"2":{"start":{"line":3,"column":0},"end":{"line":3,"column":53}},"8":{"start":{"line":9,"column":0},"end":{"line":9,"column":75}},"9":{"start":{"line":10,"column":0},"end":{"line":10,"column":52}},"10":{"start":{"line":11,"column":0},"end":{"line":11,"column":29}},"12":{"start":{"line":13,"column":0},"end":{"line":13,"column":58}},"13":{"start":{"line":14,"column":0},"end":{"line":14,"column":31}},"14":{"start":{"line":15,"column":0},"end":{"line":15,"column":29}},"15":{"start":{"line":16,"column":0},"end":{"line":16,"column":4}},"17":{"start":{"line":18,"column":0},"end":{"line":18,"column":50}},"18":{"start":{"line":19,"column":0},"end":{"line":19,"column":23}},"19":{"start":{"line":20,"column":0},"end":{"line":20,"column":14}},"22":{"start":{"line":23,"column":0},"end":{"line":23,"column":31}},"23":{"start":{"line":24,"column":0},"end":{"line":24,"column":49}},"24":{"start":{"line":25,"column":0},"end":{"line":25,"column":5}},"26":{"start":{"line":27,"column":0},"end":{"line":27,"column":38}},"27":{"start":{"line":28,"column":0},"end":{"line":28,"column":28}},"28":{"start":{"line":29,"column":0},"end":{"line":29,"column":36}},"29":{"start":{"line":30,"column":0},"end":{"line":30,"column":12}},"30":{"start":{"line":31,"column":0},"end":{"line":31,"column":47}},"31":{"start":{"line":32,"column":0},"end":{"line":32,"column":5}},"32":{"start":{"line":33,"column":0},"end":{"line":33,"column":84}},"34":{"start":{"line":35,"column":0},"end":{"line":35,"column":34}},"36":{"start":{"line":37,"column":0},"end":{"line":37,"column":43}},"37":{"start":{"line":38,"column":0},"end":{"line":38,"column":5}},"40":{"start":{"line":41,"column":0},"end":{"line":41,"column":24}},"41":{"start":{"line":42,"column":0},"end":{"line":42,"column":19}},"42":{"start":{"line":43,"column":0},"end":{"line":43,"column":16}},"43":{"start":{"line":44,"column":0},"end":{"line":44,"column":24}},"44":{"start":{"line":45,"column":0},"end":{"line":45,"column":17}},"45":{"start":{"line":46,"column":0},"end":{"line":46,"column":51}},"46":{"start":{"line":47,"column":0},"end":{"line":47,"column":39}},"47":{"start":{"line":48,"column":0},"end":{"line":48,"column":66}},"48":{"start":{"line":49,"column":0},"end":{"line":49,"column":20}},"49":{"start":{"line":50,"column":0},"end":{"line":50,"column":59}},"50":{"start":{"line":51,"column":0},"end":{"line":51,"column":37}},"52":{"start":{"line":53,"column":0},"end":{"line":53,"column":9}},"54":{"start":{"line":55,"column":0},"end":{"line":55,"column":18}},"55":{"start":{"line":56,"column":0},"end":{"line":56,"column":8}},"57":{"start":{"line":58,"column":0},"end":{"line":58,"column":19}},"58":{"start":{"line":59,"column":0},"end":{"line":59,"column":57}},"60":{"start":{"line":61,"column":0},"end":{"line":61,"column":15}},"61":{"start":{"line":62,"column":0},"end":{"line":62,"column":8}},"62":{"start":{"line":63,"column":0},"end":{"line":63,"column":5}},"64":{"start":{"line":65,"column":0},"end":{"line":65,"column":48}},"65":{"start":{"line":66,"column":0},"end":{"line":66,"column":19}},"66":{"start":{"line":67,"column":0},"end":{"line":67,"column":16}},"67":{"start":{"line":68,"column":0},"end":{"line":68,"column":27}},"68":{"start":{"line":69,"column":0},"end":{"line":69,"column":17}},"69":{"start":{"line":70,"column":0},"end":{"line":70,"column":51}},"70":{"start":{"line":71,"column":0},"end":{"line":71,"column":42}},"71":{"start":{"line":72,"column":0},"end":{"line":72,"column":66}},"72":{"start":{"line":73,"column":0},"end":{"line":73,"column":20}},"73":{"start":{"line":74,"column":0},"end":{"line":74,"column":59}},"74":{"start":{"line":75,"column":0},"end":{"line":75,"column":37}},"77":{"start":{"line":78,"column":0},"end":{"line":78,"column":13}},"78":{"start":{"line":79,"column":0},"end":{"line":79,"column":18}},"79":{"start":{"line":80,"column":0},"end":{"line":80,"column":8}},"80":{"start":{"line":81,"column":0},"end":{"line":81,"column":5}},"82":{"start":{"line":83,"column":0},"end":{"line":83,"column":19}},"83":{"start":{"line":84,"column":0},"end":{"line":84,"column":4}},"85":{"start":{"line":86,"column":0},"end":{"line":86,"column":72}},"86":{"start":{"line":87,"column":0},"end":{"line":87,"column":1}}},"s":{"0":1,"1":1,"2":1,"8":10,"9":10,"10":10,"12":10,"13":1,"14":1,"15":1,"17":10,"18":10,"19":10,"22":10,"23":9,"24":9,"26":10,"27":10,"28":1,"29":9,"30":9,"31":9,"32":10,"34":10,"36":0,"37":0,"40":10,"41":1,"42":1,"43":1,"44":1,"45":1,"46":1,"47":1,"48":1,"49":0,"50":1,"52":1,"54":1,"55":1,"57":1,"58":1,"60":1,"61":1,"62":1,"64":10,"65":50,"66":50,"67":50,"68":50,"69":50,"70":50,"71":50,"72":50,"73":9,"74":41,"77":50,"78":50,"79":50,"80":50,"82":50,"83":10,"85":10,"86":10},"branchMap":{"0":{"type":"branch","line":9,"loc":{"start":{"line":9,"column":0},"end":{"line":87,"column":1}},"locations":[{"start":{"line":9,"column":0},"end":{"line":87,"column":1}}]},"1":{"type":"branch","line":13,"loc":{"start":{"line":13,"column":27},"end":{"line":16,"column":4}},"locations":[{"start":{"line":13,"column":27},"end":{"line":16,"column":4}}]},"2":{"type":"branch","line":18,"loc":{"start":{"line":18,"column":28},"end":{"line":84,"column":4}},"locations":[{"start":{"line":18,"column":28},"end":{"line":84,"column":4}}]},"3":{"type":"branch","line":23,"loc":{"start":{"line":23,"column":30},"end":{"line":25,"column":5}},"locations":[{"start":{"line":23,"column":30},"end":{"line":25,"column":5}}]},"4":{"type":"branch","line":28,"loc":{"start":{"line":28,"column":27},"end":{"line":32,"column":5}},"locations":[{"start":{"line":28,"column":27},"end":{"line":32,"column":5}}]},"5":{"type":"branch","line":28,"loc":{"start":{"line":28,"column":27},"end":{"line":30,"column":11}},"locations":[{"start":{"line":28,"column":27},"end":{"line":30,"column":11}}]},"6":{"type":"branch","line":35,"loc":{"start":{"line":35,"column":33},"end":{"line":38,"column":5}},"locations":[{"start":{"line":35,"column":33},"end":{"line":38,"column":5}}]},"7":{"type":"branch","line":41,"loc":{"start":{"line":41,"column":23},"end":{"line":63,"column":5}},"locations":[{"start":{"line":41,"column":23},"end":{"line":63,"column":5}}]},"8":{"type":"branch","line":65,"loc":{"start":{"line":65,"column":47},"end":{"line":83,"column":19}},"locations":[{"start":{"line":65,"column":47},"end":{"line":83,"column":19}}]},"9":{"type":"branch","line":48,"loc":{"start":{"line":48,"column":21},"end":{"line":51,"column":37}},"locations":[{"start":{"line":48,"column":21},"end":{"line":51,"column":37}}]},"10":{"type":"branch","line":49,"loc":{"start":{"line":49,"column":12},"end":{"line":50,"column":59}},"locations":[{"start":{"line":49,"column":12},"end":{"line":50,"column":59}}]},"11":{"type":"branch","line":70,"loc":{"start":{"line":70,"column":19},"end":{"line":70,"column":51}},"locations":[{"start":{"line":70,"column":19},"end":{"line":70,"column":51}}]},"12":{"type":"branch","line":72,"loc":{"start":{"line":72,"column":21},"end":{"line":75,"column":37}},"locations":[{"start":{"line":72,"column":21},"end":{"line":75,"column":37}}]},"13":{"type":"branch","line":73,"loc":{"start":{"line":73,"column":12},"end":{"line":74,"column":59}},"locations":[{"start":{"line":73,"column":12},"end":{"line":74,"column":59}}]},"14":{"type":"branch","line":74,"loc":{"start":{"line":74,"column":57},"end":{"line":75,"column":37}},"locations":[{"start":{"line":74,"column":57},"end":{"line":75,"column":37}}]}},"b":{"0":[10],"1":[1],"2":[10],"3":[9],"4":[9],"5":[1],"6":[0],"7":[1],"8":[50],"9":[1],"10":[0],"11":[1],"12":[50],"13":[9],"14":[41]},"fnMap":{"0":{"name":"Pagination","decl":{"start":{"line":9,"column":0},"end":{"line":87,"column":1}},"loc":{"start":{"line":9,"column":0},"end":{"line":87,"column":1}},"line":9},"1":{"name":"handlePageChange","decl":{"start":{"line":13,"column":27},"end":{"line":16,"column":4}},"loc":{"start":{"line":13,"column":27},"end":{"line":16,"column":4}},"line":13},"2":{"name":"renderPageButtons","decl":{"start":{"line":18,"column":28},"end":{"line":84,"column":4}},"loc":{"start":{"line":18,"column":28},"end":{"line":84,"column":4}},"line":18},"3":{"name":"onClick","decl":{"start":{"line":46,"column":19},"end":{"line":46,"column":51}},"loc":{"start":{"line":46,"column":19},"end":{"line":46,"column":51}},"line":46},"4":{"name":"className","decl":{"start":{"line":48,"column":21},"end":{"line":51,"column":37}},"loc":{"start":{"line":48,"column":21},"end":{"line":51,"column":37}},"line":48},"5":{"name":"onClick","decl":{"start":{"line":70,"column":19},"end":{"line":70,"column":51}},"loc":{"start":{"line":70,"column":19},"end":{"line":70,"column":51}},"line":70},"6":{"name":"className","decl":{"start":{"line":72,"column":21},"end":{"line":75,"column":37}},"loc":{"start":{"line":72,"column":21},"end":{"line":75,"column":37}},"line":72}},"f":{"0":10,"1":1,"2":10,"3":0,"4":1,"5":1,"6":50}}
,"C:\\Users\\amelichev\\Desktop\\JS\\rsSchoolReact\\React2024Q3\\RSS-React\\src\\components\\loader.tsx": {"path":"C:\\Users\\amelichev\\Desktop\\JS\\rsSchoolReact\\React2024Q3\\RSS-React\\src\\components\\loader.tsx","all":false,"statementMap":{"0":{"start":{"line":1,"column":0},"end":{"line":1,"column":49}},"2":{"start":{"line":3,"column":0},"end":{"line":3,"column":47}},"3":{"start":{"line":4,"column":0},"end":{"line":4,"column":10}},"4":{"start":{"line":5,"column":0},"end":{"line":5,"column":55}},"6":{"start":{"line":7,"column":0},"end":{"line":7,"column":8}},"8":{"start":{"line":9,"column":0},"end":{"line":9,"column":1}}},"s":{"0":1,"2":3,"3":3,"4":3,"6":3,"8":3},"branchMap":{"0":{"type":"branch","line":3,"loc":{"start":{"line":3,"column":0},"end":{"line":9,"column":1}},"locations":[{"start":{"line":3,"column":0},"end":{"line":9,"column":1}}]}},"b":{"0":[3]},"fnMap":{"0":{"name":"Loader","decl":{"start":{"line":3,"column":0},"end":{"line":9,"column":1}},"loc":{"start":{"line":3,"column":0},"end":{"line":9,"column":1}},"line":3}},"f":{"0":3}}
,"C:\\Users\\amelichev\\Desktop\\JS\\rsSchoolReact\\React2024Q3\\RSS-React\\src\\utils\\fetchData.ts": {"path":"C:\\Users\\amelichev\\Desktop\\JS\\rsSchoolReact\\React2024Q3\\RSS-React\\src\\utils\\fetchData.ts","all":false,"statementMap":{"2":{"start":{"line":3,"column":0},"end":{"line":3,"column":32}},"3":{"start":{"line":4,"column":0},"end":{"line":4,"column":43}},"4":{"start":{"line":5,"column":0},"end":{"line":5,"column":13}},"5":{"start":{"line":6,"column":0},"end":{"line":6,"column":34}},"6":{"start":{"line":7,"column":0},"end":{"line":7,"column":21}},"8":{"start":{"line":9,"column":0},"end":{"line":9,"column":7}},"9":{"start":{"line":10,"column":0},"end":{"line":10,"column":38}},"11":{"start":{"line":12,"column":0},"end":{"line":12,"column":23}},"12":{"start":{"line":13,"column":0},"end":{"line":13,"column":36}},"13":{"start":{"line":14,"column":0},"end":{"line":14,"column":42}},"14":{"start":{"line":15,"column":0},"end":{"line":15,"column":7}},"15":{"start":{"line":16,"column":0},"end":{"line":16,"column":64}},"16":{"start":{"line":17,"column":0},"end":{"line":17,"column":5}},"18":{"start":{"line":19,"column":0},"end":{"line":19,"column":33}},"19":{"start":{"line":20,"column":0},"end":{"line":20,"column":28}},"20":{"start":{"line":21,"column":0},"end":{"line":21,"column":41}},"22":{"start":{"line":23,"column":0},"end":{"line":23,"column":33}},"23":{"start":{"line":24,"column":0},"end":{"line":24,"column":44}},"24":{"start":{"line":25,"column":0},"end":{"line":25,"column":61}},"25":{"start":{"line":26,"column":0},"end":{"line":26,"column":7}},"26":{"start":{"line":27,"column":0},"end":{"line":27,"column":5}},"28":{"start":{"line":29,"column":0},"end":{"line":29,"column":16}},"29":{"start":{"line":30,"column":0},"end":{"line":30,"column":13}},"30":{"start":{"line":31,"column":0},"end":{"line":31,"column":24}},"31":{"start":{"line":32,"column":0},"end":{"line":32,"column":3}},"32":{"start":{"line":33,"column":0},"end":{"line":33,"column":2}}},"s":{"2":1,"3":2,"4":2,"5":2,"6":2,"8":2,"9":2,"11":1,"12":0,"13":0,"14":0,"15":0,"16":0,"18":1,"19":1,"20":0,"22":0,"23":0,"24":0,"25":0,"26":0,"28":0,"29":1,"30":1,"31":1,"32":2},"branchMap":{"0":{"type":"branch","line":3,"loc":{"start":{"line":3,"column":25},"end":{"line":33,"column":2}},"locations":[{"start":{"line":3,"column":25},"end":{"line":33,"column":2}}]},"1":{"type":"branch","line":10,"loc":{"start":{"line":10,"column":36},"end":{"line":32,"column":3}},"locations":[{"start":{"line":10,"column":36},"end":{"line":32,"column":3}}]},"2":{"type":"branch","line":12,"loc":{"start":{"line":12,"column":22},"end":{"line":17,"column":5}},"locations":[{"start":{"line":12,"column":22},"end":{"line":17,"column":5}}]},"3":{"type":"branch","line":20,"loc":{"start":{"line":20,"column":2},"end":{"line":30,"column":4}},"locations":[{"start":{"line":20,"column":2},"end":{"line":30,"column":4}}]}},"b":{"0":[2],"1":[1],"2":[0],"3":[0]},"fnMap":{"0":{"name":"fetchData","decl":{"start":{"line":3,"column":25},"end":{"line":33,"column":2}},"loc":{"start":{"line":3,"column":25},"end":{"line":33,"column":2}},"line":3}},"f":{"0":2}}
,"C:\\Users\\amelichev\\Desktop\\JS\\rsSchoolReact\\React2024Q3\\RSS-React\\src\\utils\\fetchDataCard.ts": {"path":"C:\\Users\\amelichev\\Desktop\\JS\\rsSchoolReact\\React2024Q3\\RSS-React\\src\\utils\\fetchDataCard.ts","all":false,"statementMap":{"2":{"start":{"line":3,"column":0},"end":{"line":3,"column":36}},"3":{"start":{"line":4,"column":0},"end":{"line":4,"column":59}},"4":{"start":{"line":5,"column":0},"end":{"line":5,"column":13}},"5":{"start":{"line":6,"column":0},"end":{"line":6,"column":34}},"6":{"start":{"line":7,"column":0},"end":{"line":7,"column":37}},"8":{"start":{"line":9,"column":0},"end":{"line":9,"column":7}},"9":{"start":{"line":10,"column":0},"end":{"line":10,"column":38}},"10":{"start":{"line":11,"column":0},"end":{"line":11,"column":23}},"11":{"start":{"line":12,"column":0},"end":{"line":12,"column":64}},"12":{"start":{"line":13,"column":0},"end":{"line":13,"column":5}},"13":{"start":{"line":14,"column":0},"end":{"line":14,"column":33}},"14":{"start":{"line":15,"column":0},"end":{"line":15,"column":19}},"15":{"start":{"line":16,"column":0},"end":{"line":16,"column":41}},"16":{"start":{"line":17,"column":0},"end":{"line":17,"column":16}},"17":{"start":{"line":18,"column":0},"end":{"line":18,"column":13}},"18":{"start":{"line":19,"column":0},"end":{"line":19,"column":40}},"19":{"start":{"line":20,"column":0},"end":{"line":20,"column":3}},"20":{"start":{"line":21,"column":0},"end":{"line":21,"column":2}}},"s":{"2":1,"3":2,"4":2,"5":2,"6":2,"8":2,"9":2,"10":2,"11":0,"12":0,"13":2,"14":2,"15":0,"16":0,"17":2,"18":2,"19":2,"20":2},"branchMap":{"0":{"type":"branch","line":3,"loc":{"start":{"line":3,"column":29},"end":{"line":21,"column":2}},"locations":[{"start":{"line":3,"column":29},"end":{"line":21,"column":2}}]},"1":{"type":"branch","line":11,"loc":{"start":{"line":11,"column":22},"end":{"line":13,"column":5}},"locations":[{"start":{"line":11,"column":22},"end":{"line":13,"column":5}}]},"2":{"type":"branch","line":15,"loc":{"start":{"line":15,"column":2},"end":{"line":18,"column":4}},"locations":[{"start":{"line":15,"column":2},"end":{"line":18,"column":4}}]}},"b":{"0":[2],"1":[0],"2":[0]},"fnMap":{"0":{"name":"fetchDataCard","decl":{"start":{"line":3,"column":29},"end":{"line":21,"column":2}},"loc":{"start":{"line":3,"column":29},"end":{"line":21,"column":2}},"line":3}},"f":{"0":2}}
}
