{"C:\\Users\\amelichev\\Desktop\\JS\\rsSchoolReact\\React2024Q3\\RSS-React\\src\\App.tsx": {"path":"C:\\Users\\amelichev\\Desktop\\JS\\rsSchoolReact\\React2024Q3\\RSS-React\\src\\App.tsx","all":true,"statementMap":{"0":{"start":{"line":1,"column":0},"end":{"line":1,"column":55}},"1":{"start":{"line":2,"column":0},"end":{"line":2,"column":55}},"2":{"start":{"line":3,"column":0},"end":{"line":3,"column":74}},"3":{"start":{"line":4,"column":0},"end":{"line":4,"column":53}},"5":{"start":{"line":6,"column":0},"end":{"line":6,"column":44}},"6":{"start":{"line":7,"column":0},"end":{"line":7,"column":10}},"7":{"start":{"line":8,"column":0},"end":{"line":8,"column":19}},"8":{"start":{"line":9,"column":0},"end":{"line":9,"column":8}},"9":{"start":{"line":10,"column":0},"end":{"line":10,"column":23}},"10":{"start":{"line":11,"column":0},"end":{"line":11,"column":18}},"11":{"start":{"line":12,"column":0},"end":{"line":12,"column":72}},"13":{"start":{"line":14,"column":0},"end":{"line":14,"column":72}},"14":{"start":{"line":15,"column":0},"end":{"line":15,"column":57}},"15":{"start":{"line":16,"column":0},"end":{"line":16,"column":19}},"16":{"start":{"line":17,"column":0},"end":{"line":17,"column":24}},"17":{"start":{"line":18,"column":0},"end":{"line":18,"column":9}},"18":{"start":{"line":19,"column":0},"end":{"line":19,"column":20}},"20":{"start":{"line":21,"column":0},"end":{"line":21,"column":1}}},"s":{"0":0,"1":0,"2":0,"3":0,"5":0,"6":0,"7":0,"8":0,"9":0,"10":0,"11":0,"13":0,"14":0,"15":0,"16":0,"17":0,"18":0,"20":0},"branchMap":{"0":{"type":"branch","line":1,"loc":{"start":{"line":1,"column":0},"end":{"line":21,"column":-432}},"locations":[{"start":{"line":1,"column":0},"end":{"line":21,"column":-432}}]}},"b":{"0":[0]},"fnMap":{"0":{"name":"(empty-report)","decl":{"start":{"line":1,"column":0},"end":{"line":21,"column":-432}},"loc":{"start":{"line":1,"column":0},"end":{"line":21,"column":-432}},"line":1}},"f":{"0":0}}
,"C:\\Users\\amelichev\\Desktop\\JS\\rsSchoolReact\\React2024Q3\\RSS-React\\src\\main.tsx": {"path":"C:\\Users\\amelichev\\Desktop\\JS\\rsSchoolReact\\React2024Q3\\RSS-React\\src\\main.tsx","all":true,"statementMap":{"0":{"start":{"line":1,"column":0},"end":{"line":1,"column":26}},"1":{"start":{"line":2,"column":0},"end":{"line":2,"column":40}},"2":{"start":{"line":3,"column":0},"end":{"line":3,"column":24}},"3":{"start":{"line":4,"column":0},"end":{"line":4,"column":20}},"5":{"start":{"line":6,"column":0},"end":{"line":6,"column":61}},"6":{"start":{"line":7,"column":0},"end":{"line":7,"column":20}},"7":{"start":{"line":8,"column":0},"end":{"line":8,"column":11}},"8":{"start":{"line":9,"column":0},"end":{"line":9,"column":21}},"9":{"start":{"line":10,"column":0},"end":{"line":10,"column":2}}},"s":{"0":0,"1":0,"2":0,"3":0,"5":0,"6":0,"7":0,"8":0,"9":0},"branchMap":{"0":{"type":"branch","line":1,"loc":{"start":{"line":1,"column":243},"end":{"line":10,"column":2}},"locations":[{"start":{"line":1,"column":243},"end":{"line":10,"column":2}}]}},"b":{"0":[0]},"fnMap":{"0":{"name":"(empty-report)","decl":{"start":{"line":1,"column":243},"end":{"line":10,"column":2}},"loc":{"start":{"line":1,"column":243},"end":{"line":10,"column":2}},"line":1}},"f":{"0":0}}
,"C:\\Users\\amelichev\\Desktop\\JS\\rsSchoolReact\\React2024Q3\\RSS-React\\src\\components\\Cards.tsx": {"path":"C:\\Users\\amelichev\\Desktop\\JS\\rsSchoolReact\\React2024Q3\\RSS-React\\src\\components\\Cards.tsx","all":false,"statementMap":{"0":{"start":{"line":1,"column":0},"end":{"line":1,"column":48}},"8":{"start":{"line":9,"column":0},"end":{"line":9,"column":31}},"9":{"start":{"line":10,"column":0},"end":{"line":10,"column":12}},"10":{"start":{"line":11,"column":0},"end":{"line":11,"column":14}},"11":{"start":{"line":12,"column":0},"end":{"line":12,"column":32}},"12":{"start":{"line":13,"column":0},"end":{"line":13,"column":39}},"13":{"start":{"line":14,"column":0},"end":{"line":14,"column":16}},"14":{"start":{"line":15,"column":0},"end":{"line":15,"column":3}},"16":{"start":{"line":17,"column":0},"end":{"line":17,"column":38}},"17":{"start":{"line":18,"column":0},"end":{"line":18,"column":78}},"18":{"start":{"line":19,"column":0},"end":{"line":19,"column":3}},"20":{"start":{"line":21,"column":0},"end":{"line":21,"column":10}},"21":{"start":{"line":22,"column":0},"end":{"line":22,"column":54}},"22":{"start":{"line":23,"column":0},"end":{"line":23,"column":49}},"23":{"start":{"line":24,"column":0},"end":{"line":24,"column":12}},"24":{"start":{"line":25,"column":0},"end":{"line":25,"column":33}},"25":{"start":{"line":26,"column":0},"end":{"line":26,"column":21}},"26":{"start":{"line":27,"column":0},"end":{"line":27,"column":63}},"28":{"start":{"line":29,"column":0},"end":{"line":29,"column":58}},"29":{"start":{"line":30,"column":0},"end":{"line":30,"column":43}},"30":{"start":{"line":31,"column":0},"end":{"line":31,"column":38}},"31":{"start":{"line":32,"column":0},"end":{"line":32,"column":16}},"32":{"start":{"line":33,"column":0},"end":{"line":33,"column":14}},"33":{"start":{"line":34,"column":0},"end":{"line":34,"column":9}},"34":{"start":{"line":35,"column":0},"end":{"line":35,"column":10}},"36":{"start":{"line":37,"column":0},"end":{"line":37,"column":1}}},"s":{"0":1,"8":10,"9":10,"10":10,"11":10,"12":10,"13":5,"14":5,"16":9,"17":1,"18":1,"20":4,"21":4,"22":4,"23":8,"24":8,"25":8,"26":8,"28":8,"29":8,"30":8,"31":8,"32":8,"33":4,"34":4,"36":4},"branchMap":{"0":{"type":"branch","line":9,"loc":{"start":{"line":9,"column":0},"end":{"line":37,"column":1}},"locations":[{"start":{"line":9,"column":0},"end":{"line":37,"column":1}}]},"1":{"type":"branch","line":13,"loc":{"start":{"line":13,"column":38},"end":{"line":37,"column":1}},"locations":[{"start":{"line":13,"column":38},"end":{"line":37,"column":1}}]},"2":{"type":"branch","line":13,"loc":{"start":{"line":13,"column":38},"end":{"line":17,"column":37}},"locations":[{"start":{"line":13,"column":38},"end":{"line":17,"column":37}}]},"3":{"type":"branch","line":17,"loc":{"start":{"line":17,"column":37},"end":{"line":19,"column":3}},"locations":[{"start":{"line":17,"column":37},"end":{"line":19,"column":3}}]},"4":{"type":"branch","line":19,"loc":{"start":{"line":19,"column":2},"end":{"line":37,"column":1}},"locations":[{"start":{"line":19,"column":2},"end":{"line":37,"column":1}}]},"5":{"type":"branch","line":23,"loc":{"start":{"line":23,"column":29},"end":{"line":33,"column":14}},"locations":[{"start":{"line":23,"column":29},"end":{"line":33,"column":14}}]},"6":{"type":"branch","line":27,"loc":{"start":{"line":27,"column":19},"end":{"line":27,"column":63}},"locations":[{"start":{"line":27,"column":19},"end":{"line":27,"column":63}}]}},"b":{"0":[10],"1":[9],"2":[5],"3":[1],"4":[4],"5":[8],"6":[1]},"fnMap":{"0":{"name":"Cards","decl":{"start":{"line":9,"column":0},"end":{"line":37,"column":1}},"loc":{"start":{"line":9,"column":0},"end":{"line":37,"column":1}},"line":9},"1":{"name":"onClick","decl":{"start":{"line":27,"column":19},"end":{"line":27,"column":63}},"loc":{"start":{"line":27,"column":19},"end":{"line":27,"column":63}},"line":27}},"f":{"0":10,"1":1}}
,"C:\\Users\\amelichev\\Desktop\\JS\\rsSchoolReact\\React2024Q3\\RSS-React\\src\\components\\CharacterDetails.tsx": {"path":"C:\\Users\\amelichev\\Desktop\\JS\\rsSchoolReact\\React2024Q3\\RSS-React\\src\\components\\CharacterDetails.tsx","all":false,"statementMap":{"0":{"start":{"line":1,"column":0},"end":{"line":1,"column":59}},"15":{"start":{"line":16,"column":0},"end":{"line":16,"column":42}},"16":{"start":{"line":17,"column":0},"end":{"line":17,"column":12}},"17":{"start":{"line":18,"column":0},"end":{"line":18,"column":10}},"18":{"start":{"line":19,"column":0},"end":{"line":19,"column":25}},"19":{"start":{"line":20,"column":0},"end":{"line":20,"column":10}},"20":{"start":{"line":21,"column":0},"end":{"line":21,"column":76}},"21":{"start":{"line":22,"column":0},"end":{"line":22,"column":42}},"22":{"start":{"line":23,"column":0},"end":{"line":23,"column":31}},"23":{"start":{"line":24,"column":0},"end":{"line":24,"column":56}},"24":{"start":{"line":25,"column":0},"end":{"line":25,"column":39}},"25":{"start":{"line":26,"column":0},"end":{"line":26,"column":41}},"26":{"start":{"line":27,"column":0},"end":{"line":27,"column":39}},"27":{"start":{"line":28,"column":0},"end":{"line":28,"column":10}},"29":{"start":{"line":30,"column":0},"end":{"line":30,"column":1}}},"s":{"0":1,"15":2,"16":2,"17":2,"18":2,"19":2,"20":2,"21":2,"22":2,"23":2,"24":2,"25":2,"26":2,"27":2,"29":2},"branchMap":{"0":{"type":"branch","line":16,"loc":{"start":{"line":16,"column":0},"end":{"line":30,"column":1}},"locations":[{"start":{"line":16,"column":0},"end":{"line":30,"column":1}}]}},"b":{"0":[2]},"fnMap":{"0":{"name":"CharacterDetails","decl":{"start":{"line":16,"column":0},"end":{"line":30,"column":1}},"loc":{"start":{"line":16,"column":0},"end":{"line":30,"column":1}},"line":16}},"f":{"0":2}}
,"C:\\Users\\amelichev\\Desktop\\JS\\rsSchoolReact\\React2024Q3\\RSS-React\\src\\components\\Content.tsx": {"path":"C:\\Users\\amelichev\\Desktop\\JS\\rsSchoolReact\\React2024Q3\\RSS-React\\src\\components\\Content.tsx","all":false,"statementMap":{"0":{"start":{"line":1,"column":0},"end":{"line":1,"column":38}},"1":{"start":{"line":2,"column":0},"end":{"line":2,"column":28}},"11":{"start":{"line":12,"column":0},"end":{"line":12,"column":33}},"12":{"start":{"line":13,"column":0},"end":{"line":13,"column":17}},"13":{"start":{"line":14,"column":0},"end":{"line":14,"column":12}},"14":{"start":{"line":15,"column":0},"end":{"line":15,"column":22}},"15":{"start":{"line":16,"column":0},"end":{"line":16,"column":18}},"16":{"start":{"line":17,"column":0},"end":{"line":17,"column":25}},"17":{"start":{"line":18,"column":0},"end":{"line":18,"column":10}},"18":{"start":{"line":19,"column":0},"end":{"line":19,"column":29}},"19":{"start":{"line":20,"column":0},"end":{"line":20,"column":75}},"20":{"start":{"line":21,"column":0},"end":{"line":21,"column":67}},"21":{"start":{"line":22,"column":0},"end":{"line":22,"column":10}},"23":{"start":{"line":24,"column":0},"end":{"line":24,"column":1}}},"s":{"0":1,"1":1,"11":9,"12":9,"13":9,"14":9,"15":9,"16":9,"17":9,"18":9,"19":9,"20":9,"21":9,"23":9},"branchMap":{"0":{"type":"branch","line":12,"loc":{"start":{"line":12,"column":0},"end":{"line":24,"column":1}},"locations":[{"start":{"line":12,"column":0},"end":{"line":24,"column":1}}]},"1":{"type":"branch","line":20,"loc":{"start":{"line":20,"column":7},"end":{"line":20,"column":75}},"locations":[{"start":{"line":20,"column":7},"end":{"line":20,"column":75}}]}},"b":{"0":[9],"1":[7]},"fnMap":{"0":{"name":"Content","decl":{"start":{"line":12,"column":0},"end":{"line":24,"column":1}},"loc":{"start":{"line":12,"column":0},"end":{"line":24,"column":1}},"line":12}},"f":{"0":9}}
,"C:\\Users\\amelichev\\Desktop\\JS\\rsSchoolReact\\React2024Q3\\RSS-React\\src\\components\\ErrorBoundary.tsx": {"path":"C:\\Users\\amelichev\\Desktop\\JS\\rsSchoolReact\\React2024Q3\\RSS-React\\src\\components\\ErrorBoundary.tsx","all":false,"statementMap":{"0":{"start":{"line":1,"column":0},"end":{"line":1,"column":45}},"1":{"start":{"line":2,"column":0},"end":{"line":2,"column":56}},"11":{"start":{"line":12,"column":0},"end":{"line":12,"column":55}},"12":{"start":{"line":13,"column":0},"end":{"line":13,"column":30}},"13":{"start":{"line":14,"column":0},"end":{"line":14,"column":17}},"14":{"start":{"line":15,"column":0},"end":{"line":15,"column":37}},"15":{"start":{"line":16,"column":0},"end":{"line":16,"column":3}},"17":{"start":{"line":18,"column":0},"end":{"line":18,"column":64}},"18":{"start":{"line":19,"column":0},"end":{"line":19,"column":38}},"19":{"start":{"line":20,"column":0},"end":{"line":20,"column":43}},"20":{"start":{"line":21,"column":0},"end":{"line":21,"column":64}},"21":{"start":{"line":22,"column":0},"end":{"line":22,"column":3}},"23":{"start":{"line":24,"column":0},"end":{"line":24,"column":23}},"24":{"start":{"line":25,"column":0},"end":{"line":25,"column":30}},"25":{"start":{"line":26,"column":0},"end":{"line":26,"column":14}},"26":{"start":{"line":27,"column":0},"end":{"line":27,"column":46}},"27":{"start":{"line":28,"column":0},"end":{"line":28,"column":40}},"28":{"start":{"line":29,"column":0},"end":{"line":29,"column":31}},"29":{"start":{"line":30,"column":0},"end":{"line":30,"column":14}},"31":{"start":{"line":32,"column":0},"end":{"line":32,"column":5}},"32":{"start":{"line":33,"column":0},"end":{"line":33,"column":31}},"33":{"start":{"line":34,"column":0},"end":{"line":34,"column":3}},"34":{"start":{"line":35,"column":0},"end":{"line":35,"column":1}},"36":{"start":{"line":37,"column":0},"end":{"line":37,"column":29}}},"s":{"0":1,"1":1,"11":1,"12":1,"13":3,"14":3,"15":3,"17":1,"18":1,"19":1,"20":1,"21":1,"23":1,"24":3,"25":1,"26":1,"27":1,"28":1,"29":1,"31":1,"32":2,"33":3,"34":1,"36":1},"branchMap":{"0":{"type":"branch","line":13,"loc":{"start":{"line":13,"column":2},"end":{"line":16,"column":3}},"locations":[{"start":{"line":13,"column":2},"end":{"line":16,"column":3}}]},"1":{"type":"branch","line":18,"loc":{"start":{"line":18,"column":2},"end":{"line":22,"column":3}},"locations":[{"start":{"line":18,"column":2},"end":{"line":22,"column":3}}]},"2":{"type":"branch","line":24,"loc":{"start":{"line":24,"column":2},"end":{"line":34,"column":3}},"locations":[{"start":{"line":24,"column":2},"end":{"line":34,"column":3}}]},"3":{"type":"branch","line":25,"loc":{"start":{"line":25,"column":29},"end":{"line":32,"column":5}},"locations":[{"start":{"line":25,"column":29},"end":{"line":32,"column":5}}]},"4":{"type":"branch","line":32,"loc":{"start":{"line":32,"column":4},"end":{"line":33,"column":31}},"locations":[{"start":{"line":32,"column":4},"end":{"line":33,"column":31}}]}},"b":{"0":[3],"1":[1],"2":[3],"3":[1],"4":[2]},"fnMap":{"0":{"name":"ErrorBoundary","decl":{"start":{"line":13,"column":2},"end":{"line":16,"column":3}},"loc":{"start":{"line":13,"column":2},"end":{"line":16,"column":3}},"line":13},"1":{"name":"componentDidCatch","decl":{"start":{"line":18,"column":2},"end":{"line":22,"column":3}},"loc":{"start":{"line":18,"column":2},"end":{"line":22,"column":3}},"line":18},"2":{"name":"render","decl":{"start":{"line":24,"column":2},"end":{"line":34,"column":3}},"loc":{"start":{"line":24,"column":2},"end":{"line":34,"column":3}},"line":24}},"f":{"0":3,"1":1,"2":3}}
,"C:\\Users\\amelichev\\Desktop\\JS\\rsSchoolReact\\React2024Q3\\RSS-React\\src\\components\\Header.tsx": {"path":"C:\\Users\\amelichev\\Desktop\\JS\\rsSchoolReact\\React2024Q3\\RSS-React\\src\\components\\Header.tsx","all":false,"statementMap":{"0":{"start":{"line":1,"column":0},"end":{"line":1,"column":49}},"8":{"start":{"line":9,"column":0},"end":{"line":9,"column":59}},"10":{"start":{"line":11,"column":0},"end":{"line":11,"column":60}},"11":{"start":{"line":12,"column":0},"end":{"line":12,"column":78}},"12":{"start":{"line":13,"column":0},"end":{"line":13,"column":28}},"13":{"start":{"line":14,"column":0},"end":{"line":14,"column":30}},"14":{"start":{"line":15,"column":0},"end":{"line":15,"column":5}},"15":{"start":{"line":16,"column":0},"end":{"line":16,"column":4}},"17":{"start":{"line":18,"column":0},"end":{"line":18,"column":10}},"18":{"start":{"line":19,"column":0},"end":{"line":19,"column":6}},"19":{"start":{"line":20,"column":0},"end":{"line":20,"column":61}},"20":{"start":{"line":21,"column":0},"end":{"line":21,"column":39}},"21":{"start":{"line":22,"column":0},"end":{"line":22,"column":69}},"22":{"start":{"line":23,"column":0},"end":{"line":23,"column":16}},"23":{"start":{"line":24,"column":0},"end":{"line":24,"column":23}},"24":{"start":{"line":25,"column":0},"end":{"line":25,"column":23}},"25":{"start":{"line":26,"column":0},"end":{"line":26,"column":43}},"26":{"start":{"line":27,"column":0},"end":{"line":27,"column":36}},"27":{"start":{"line":28,"column":0},"end":{"line":28,"column":73}},"28":{"start":{"line":29,"column":0},"end":{"line":29,"column":50}},"29":{"start":{"line":30,"column":0},"end":{"line":30,"column":14}},"30":{"start":{"line":31,"column":0},"end":{"line":31,"column":38}},"31":{"start":{"line":32,"column":0},"end":{"line":32,"column":12}},"32":{"start":{"line":33,"column":0},"end":{"line":33,"column":79}},"34":{"start":{"line":35,"column":0},"end":{"line":35,"column":19}},"35":{"start":{"line":36,"column":0},"end":{"line":36,"column":14}},"36":{"start":{"line":37,"column":0},"end":{"line":37,"column":15}},"37":{"start":{"line":38,"column":0},"end":{"line":38,"column":7}},"39":{"start":{"line":40,"column":0},"end":{"line":40,"column":1}}},"s":{"0":1,"8":1,"10":15,"11":15,"12":1,"13":1,"14":1,"15":1,"17":15,"18":15,"19":15,"20":15,"21":15,"22":15,"23":15,"24":15,"25":15,"26":15,"27":15,"28":2,"29":2,"30":15,"31":15,"32":15,"34":15,"35":15,"36":15,"37":15,"39":15},"branchMap":{"0":{"type":"branch","line":11,"loc":{"start":{"line":11,"column":0},"end":{"line":40,"column":1}},"locations":[{"start":{"line":11,"column":0},"end":{"line":40,"column":1}}]},"1":{"type":"branch","line":12,"loc":{"start":{"line":12,"column":25},"end":{"line":16,"column":4}},"locations":[{"start":{"line":12,"column":25},"end":{"line":16,"column":4}}]},"2":{"type":"branch","line":28,"loc":{"start":{"line":28,"column":22},"end":{"line":30,"column":14}},"locations":[{"start":{"line":28,"column":22},"end":{"line":30,"column":14}}]}},"b":{"0":[15],"1":[1],"2":[2]},"fnMap":{"0":{"name":"Header","decl":{"start":{"line":11,"column":0},"end":{"line":40,"column":1}},"loc":{"start":{"line":11,"column":0},"end":{"line":40,"column":1}},"line":11},"1":{"name":"handleKeyPress","decl":{"start":{"line":12,"column":25},"end":{"line":16,"column":4}},"loc":{"start":{"line":12,"column":25},"end":{"line":16,"column":4}},"line":12},"2":{"name":"onChange","decl":{"start":{"line":28,"column":22},"end":{"line":30,"column":14}},"loc":{"start":{"line":28,"column":22},"end":{"line":30,"column":14}},"line":28}},"f":{"0":15,"1":1,"2":2}}
,"C:\\Users\\amelichev\\Desktop\\JS\\rsSchoolReact\\React2024Q3\\RSS-React\\src\\components\\NotFoundPage.tsx": {"path":"C:\\Users\\amelichev\\Desktop\\JS\\rsSchoolReact\\React2024Q3\\RSS-React\\src\\components\\NotFoundPage.tsx","all":false,"statementMap":{"0":{"start":{"line":1,"column":0},"end":{"line":1,"column":53}},"1":{"start":{"line":2,"column":0},"end":{"line":2,"column":57}},"2":{"start":{"line":3,"column":0},"end":{"line":3,"column":1}}},"s":{"0":2,"1":2,"2":2},"branchMap":{"0":{"type":"branch","line":1,"loc":{"start":{"line":1,"column":0},"end":{"line":3,"column":1}},"locations":[{"start":{"line":1,"column":0},"end":{"line":3,"column":1}}]}},"b":{"0":[2]},"fnMap":{"0":{"name":"NotFoundPage","decl":{"start":{"line":1,"column":0},"end":{"line":3,"column":1}},"loc":{"start":{"line":1,"column":0},"end":{"line":3,"column":1}},"line":1}},"f":{"0":2}}
,"C:\\Users\\amelichev\\Desktop\\JS\\rsSchoolReact\\React2024Q3\\RSS-React\\src\\components\\PageContainer.tsx": {"path":"C:\\Users\\amelichev\\Desktop\\JS\\rsSchoolReact\\React2024Q3\\RSS-React\\src\\components\\PageContainer.tsx","all":false,"statementMap":{"0":{"start":{"line":1,"column":0},"end":{"line":1,"column":52}},"1":{"start":{"line":2,"column":0},"end":{"line":2,"column":58}},"2":{"start":{"line":3,"column":0},"end":{"line":3,"column":30}},"3":{"start":{"line":4,"column":0},"end":{"line":4,"column":30}},"4":{"start":{"line":5,"column":0},"end":{"line":5,"column":50}},"5":{"start":{"line":6,"column":0},"end":{"line":6,"column":47}},"7":{"start":{"line":8,"column":0},"end":{"line":8,"column":55}},"8":{"start":{"line":9,"column":0},"end":{"line":9,"column":56}},"9":{"start":{"line":10,"column":0},"end":{"line":10,"column":42}},"10":{"start":{"line":11,"column":0},"end":{"line":11,"column":32}},"12":{"start":{"line":13,"column":0},"end":{"line":13,"column":54}},"13":{"start":{"line":14,"column":0},"end":{"line":14,"column":74}},"14":{"start":{"line":15,"column":0},"end":{"line":15,"column":52}},"15":{"start":{"line":16,"column":0},"end":{"line":16,"column":55}},"16":{"start":{"line":17,"column":0},"end":{"line":17,"column":44}},"17":{"start":{"line":18,"column":0},"end":{"line":18,"column":4}},"18":{"start":{"line":19,"column":0},"end":{"line":19,"column":80}},"19":{"start":{"line":20,"column":0},"end":{"line":20,"column":8}},"20":{"start":{"line":21,"column":0},"end":{"line":21,"column":4}},"21":{"start":{"line":22,"column":0},"end":{"line":22,"column":29}},"22":{"start":{"line":23,"column":0},"end":{"line":23,"column":54}},"23":{"start":{"line":24,"column":0},"end":{"line":24,"column":66}},"24":{"start":{"line":25,"column":0},"end":{"line":25,"column":61}},"25":{"start":{"line":26,"column":0},"end":{"line":26,"column":33}},"26":{"start":{"line":27,"column":0},"end":{"line":27,"column":50}},"28":{"start":{"line":29,"column":0},"end":{"line":29,"column":19}},"29":{"start":{"line":30,"column":0},"end":{"line":30,"column":67}},"31":{"start":{"line":32,"column":0},"end":{"line":32,"column":31}},"32":{"start":{"line":33,"column":0},"end":{"line":33,"column":59}},"34":{"start":{"line":35,"column":0},"end":{"line":35,"column":29}},"35":{"start":{"line":36,"column":0},"end":{"line":36,"column":31}},"36":{"start":{"line":37,"column":0},"end":{"line":37,"column":50}},"37":{"start":{"line":38,"column":0},"end":{"line":38,"column":7}},"39":{"start":{"line":40,"column":0},"end":{"line":40,"column":27}},"40":{"start":{"line":41,"column":0},"end":{"line":41,"column":43}},"41":{"start":{"line":42,"column":0},"end":{"line":42,"column":14}},"42":{"start":{"line":43,"column":0},"end":{"line":43,"column":26}},"43":{"start":{"line":44,"column":0},"end":{"line":44,"column":7}},"44":{"start":{"line":45,"column":0},"end":{"line":45,"column":5}},"46":{"start":{"line":47,"column":0},"end":{"line":47,"column":30}},"47":{"start":{"line":48,"column":0},"end":{"line":48,"column":43}},"48":{"start":{"line":49,"column":0},"end":{"line":49,"column":5}},"49":{"start":{"line":50,"column":0},"end":{"line":50,"column":23}},"51":{"start":{"line":52,"column":0},"end":{"line":52,"column":35}},"52":{"start":{"line":53,"column":0},"end":{"line":53,"column":28}},"53":{"start":{"line":54,"column":0},"end":{"line":54,"column":34}},"54":{"start":{"line":55,"column":0},"end":{"line":55,"column":12}},"55":{"start":{"line":56,"column":0},"end":{"line":56,"column":29}},"56":{"start":{"line":57,"column":0},"end":{"line":57,"column":5}},"57":{"start":{"line":58,"column":0},"end":{"line":58,"column":51}},"58":{"start":{"line":59,"column":0},"end":{"line":59,"column":4}},"60":{"start":{"line":61,"column":0},"end":{"line":61,"column":59}},"61":{"start":{"line":62,"column":0},"end":{"line":62,"column":30}},"62":{"start":{"line":63,"column":0},"end":{"line":63,"column":4}},"64":{"start":{"line":65,"column":0},"end":{"line":65,"column":72}},"65":{"start":{"line":66,"column":0},"end":{"line":66,"column":33}},"66":{"start":{"line":67,"column":0},"end":{"line":67,"column":19}},"67":{"start":{"line":68,"column":0},"end":{"line":68,"column":69}},"68":{"start":{"line":69,"column":0},"end":{"line":69,"column":6}},"70":{"start":{"line":71,"column":0},"end":{"line":71,"column":15}},"71":{"start":{"line":72,"column":0},"end":{"line":72,"column":25}},"72":{"start":{"line":73,"column":0},"end":{"line":73,"column":5}},"74":{"start":{"line":75,"column":0},"end":{"line":75,"column":23}},"75":{"start":{"line":76,"column":0},"end":{"line":76,"column":29}},"76":{"start":{"line":77,"column":0},"end":{"line":77,"column":38}},"77":{"start":{"line":78,"column":0},"end":{"line":78,"column":4}},"79":{"start":{"line":80,"column":0},"end":{"line":80,"column":76}},"80":{"start":{"line":81,"column":0},"end":{"line":81,"column":27}},"81":{"start":{"line":82,"column":0},"end":{"line":82,"column":35}},"82":{"start":{"line":83,"column":0},"end":{"line":83,"column":21}},"83":{"start":{"line":84,"column":0},"end":{"line":84,"column":71}},"84":{"start":{"line":85,"column":0},"end":{"line":85,"column":8}},"86":{"start":{"line":87,"column":0},"end":{"line":87,"column":17}},"87":{"start":{"line":88,"column":0},"end":{"line":88,"column":27}},"88":{"start":{"line":89,"column":0},"end":{"line":89,"column":7}},"90":{"start":{"line":91,"column":0},"end":{"line":91,"column":30}},"91":{"start":{"line":92,"column":0},"end":{"line":92,"column":25}},"92":{"start":{"line":93,"column":0},"end":{"line":93,"column":12}},"93":{"start":{"line":94,"column":0},"end":{"line":94,"column":31}},"94":{"start":{"line":95,"column":0},"end":{"line":95,"column":24}},"95":{"start":{"line":96,"column":0},"end":{"line":96,"column":5}},"96":{"start":{"line":97,"column":0},"end":{"line":97,"column":36}},"97":{"start":{"line":98,"column":0},"end":{"line":98,"column":4}},"99":{"start":{"line":100,"column":0},"end":{"line":100,"column":64}},"100":{"start":{"line":101,"column":0},"end":{"line":101,"column":66}},"101":{"start":{"line":102,"column":0},"end":{"line":102,"column":42}},"103":{"start":{"line":104,"column":0},"end":{"line":104,"column":15}},"104":{"start":{"line":105,"column":0},"end":{"line":105,"column":33}},"105":{"start":{"line":106,"column":0},"end":{"line":106,"column":5}},"106":{"start":{"line":107,"column":0},"end":{"line":107,"column":4}},"108":{"start":{"line":109,"column":0},"end":{"line":109,"column":42}},"109":{"start":{"line":110,"column":0},"end":{"line":110,"column":31}},"110":{"start":{"line":111,"column":0},"end":{"line":111,"column":4}},"112":{"start":{"line":113,"column":0},"end":{"line":113,"column":10}},"113":{"start":{"line":114,"column":0},"end":{"line":114,"column":6}},"114":{"start":{"line":115,"column":0},"end":{"line":115,"column":13}},"115":{"start":{"line":116,"column":0},"end":{"line":116,"column":37}},"116":{"start":{"line":117,"column":0},"end":{"line":117,"column":41}},"117":{"start":{"line":118,"column":0},"end":{"line":118,"column":31}},"118":{"start":{"line":119,"column":0},"end":{"line":119,"column":8}},"120":{"start":{"line":121,"column":0},"end":{"line":121,"column":44}},"121":{"start":{"line":122,"column":0},"end":{"line":122,"column":22}},"122":{"start":{"line":123,"column":0},"end":{"line":123,"column":20}},"123":{"start":{"line":124,"column":0},"end":{"line":124,"column":24}},"124":{"start":{"line":125,"column":0},"end":{"line":125,"column":26}},"126":{"start":{"line":127,"column":0},"end":{"line":127,"column":18}},"127":{"start":{"line":128,"column":0},"end":{"line":128,"column":43}},"128":{"start":{"line":129,"column":0},"end":{"line":129,"column":33}},"129":{"start":{"line":130,"column":0},"end":{"line":130,"column":53}},"130":{"start":{"line":131,"column":0},"end":{"line":131,"column":45}},"131":{"start":{"line":132,"column":0},"end":{"line":132,"column":12}},"133":{"start":{"line":134,"column":0},"end":{"line":134,"column":31}},"134":{"start":{"line":135,"column":0},"end":{"line":135,"column":80}},"135":{"start":{"line":136,"column":0},"end":{"line":136,"column":29}},"136":{"start":{"line":137,"column":0},"end":{"line":137,"column":43}},"137":{"start":{"line":138,"column":0},"end":{"line":138,"column":42}},"138":{"start":{"line":139,"column":0},"end":{"line":139,"column":14}},"139":{"start":{"line":140,"column":0},"end":{"line":140,"column":16}},"141":{"start":{"line":142,"column":0},"end":{"line":142,"column":12}},"142":{"start":{"line":143,"column":0},"end":{"line":143,"column":7}},"144":{"start":{"line":145,"column":0},"end":{"line":145,"column":1}}},"s":{"0":1,"1":1,"2":1,"3":1,"4":1,"5":1,"7":1,"8":1,"9":1,"10":1,"12":11,"13":11,"14":11,"15":11,"16":11,"17":11,"18":11,"19":11,"20":11,"21":11,"22":11,"23":11,"24":11,"25":11,"26":11,"28":11,"29":4,"31":4,"32":3,"34":3,"35":1,"36":1,"37":1,"39":3,"40":2,"41":3,"42":1,"43":1,"44":3,"46":4,"47":0,"48":0,"49":11,"51":11,"52":1,"53":1,"54":1,"55":0,"56":0,"57":1,"58":1,"60":11,"61":1,"62":1,"64":11,"65":2,"66":2,"67":2,"68":2,"70":2,"71":2,"72":2,"74":2,"75":2,"76":2,"77":2,"79":11,"80":3,"81":3,"82":3,"83":3,"84":3,"86":2,"87":2,"88":2,"90":2,"91":2,"92":2,"93":0,"94":0,"95":0,"96":2,"97":3,"99":11,"100":1,"101":1,"103":1,"104":1,"105":1,"106":1,"108":11,"109":0,"110":0,"112":11,"113":11,"114":11,"115":11,"116":11,"117":11,"118":11,"120":11,"121":11,"122":1,"123":10,"124":1,"126":9,"127":9,"128":9,"129":9,"130":9,"131":9,"133":11,"134":1,"135":1,"136":1,"137":1,"138":1,"139":1,"141":11,"142":11,"144":11},"branchMap":{"0":{"type":"branch","line":13,"loc":{"start":{"line":13,"column":0},"end":{"line":145,"column":1}},"locations":[{"start":{"line":13,"column":0},"end":{"line":145,"column":1}}]},"1":{"type":"branch","line":17,"loc":{"start":{"line":17,"column":37},"end":{"line":17,"column":44}},"locations":[{"start":{"line":17,"column":37},"end":{"line":17,"column":44}}]},"2":{"type":"branch","line":122,"loc":{"start":{"line":122,"column":9},"end":{"line":123,"column":20}},"locations":[{"start":{"line":122,"column":9},"end":{"line":123,"column":20}}]},"3":{"type":"branch","line":123,"loc":{"start":{"line":123,"column":18},"end":{"line":132,"column":12}},"locations":[{"start":{"line":123,"column":18},"end":{"line":132,"column":12}}]},"4":{"type":"branch","line":124,"loc":{"start":{"line":124,"column":12},"end":{"line":125,"column":26}},"locations":[{"start":{"line":124,"column":12},"end":{"line":125,"column":26}}]},"5":{"type":"branch","line":125,"loc":{"start":{"line":125,"column":24},"end":{"line":132,"column":12}},"locations":[{"start":{"line":125,"column":24},"end":{"line":132,"column":12}}]},"6":{"type":"branch","line":134,"loc":{"start":{"line":134,"column":9},"end":{"line":140,"column":16}},"locations":[{"start":{"line":134,"column":9},"end":{"line":140,"column":16}}]},"7":{"type":"branch","line":29,"loc":{"start":{"line":29,"column":12},"end":{"line":50,"column":5}},"locations":[{"start":{"line":29,"column":12},"end":{"line":50,"column":5}}]},"8":{"type":"branch","line":32,"loc":{"start":{"line":32,"column":30},"end":{"line":45,"column":5}},"locations":[{"start":{"line":32,"column":30},"end":{"line":45,"column":5}}]},"9":{"type":"branch","line":35,"loc":{"start":{"line":35,"column":28},"end":{"line":38,"column":7}},"locations":[{"start":{"line":35,"column":28},"end":{"line":38,"column":7}}]},"10":{"type":"branch","line":40,"loc":{"start":{"line":40,"column":26},"end":{"line":42,"column":13}},"locations":[{"start":{"line":40,"column":26},"end":{"line":42,"column":13}}]},"11":{"type":"branch","line":42,"loc":{"start":{"line":42,"column":6},"end":{"line":44,"column":7}},"locations":[{"start":{"line":42,"column":6},"end":{"line":44,"column":7}}]},"12":{"type":"branch","line":47,"loc":{"start":{"line":47,"column":29},"end":{"line":49,"column":5}},"locations":[{"start":{"line":47,"column":29},"end":{"line":49,"column":5}}]},"13":{"type":"branch","line":52,"loc":{"start":{"line":52,"column":22},"end":{"line":59,"column":4}},"locations":[{"start":{"line":52,"column":22},"end":{"line":59,"column":4}}]},"14":{"type":"branch","line":55,"loc":{"start":{"line":55,"column":4},"end":{"line":57,"column":5}},"locations":[{"start":{"line":55,"column":4},"end":{"line":57,"column":5}}]},"15":{"type":"branch","line":61,"loc":{"start":{"line":61,"column":28},"end":{"line":63,"column":4}},"locations":[{"start":{"line":61,"column":28},"end":{"line":63,"column":4}}]},"16":{"type":"branch","line":65,"loc":{"start":{"line":65,"column":26},"end":{"line":78,"column":4}},"locations":[{"start":{"line":65,"column":26},"end":{"line":78,"column":4}}]},"17":{"type":"branch","line":80,"loc":{"start":{"line":80,"column":30},"end":{"line":98,"column":4}},"locations":[{"start":{"line":80,"column":30},"end":{"line":98,"column":4}}]},"18":{"type":"branch","line":85,"loc":{"start":{"line":85,"column":6},"end":{"line":97,"column":36}},"locations":[{"start":{"line":85,"column":6},"end":{"line":97,"column":36}}]},"19":{"type":"branch","line":93,"loc":{"start":{"line":93,"column":4},"end":{"line":96,"column":5}},"locations":[{"start":{"line":93,"column":4},"end":{"line":96,"column":5}}]},"20":{"type":"branch","line":100,"loc":{"start":{"line":100,"column":26},"end":{"line":107,"column":4}},"locations":[{"start":{"line":100,"column":26},"end":{"line":107,"column":4}}]}},"b":{"0":[11],"1":[8],"2":[1],"3":[10],"4":[1],"5":[9],"6":[1],"7":[4],"8":[3],"9":[1],"10":[2],"11":[1],"12":[0],"13":[1],"14":[0],"15":[1],"16":[2],"17":[3],"18":[2],"19":[0],"20":[1]},"fnMap":{"0":{"name":"PageContainer","decl":{"start":{"line":13,"column":0},"end":{"line":145,"column":1}},"loc":{"start":{"line":13,"column":0},"end":{"line":145,"column":1}},"line":13},"1":{"name":"fetchHeader","decl":{"start":{"line":52,"column":22},"end":{"line":59,"column":4}},"loc":{"start":{"line":52,"column":22},"end":{"line":59,"column":4}},"line":52},"2":{"name":"handleInputChange","decl":{"start":{"line":61,"column":28},"end":{"line":63,"column":4}},"loc":{"start":{"line":61,"column":28},"end":{"line":63,"column":4}},"line":61},"3":{"name":"fetchSearchData","decl":{"start":{"line":65,"column":26},"end":{"line":78,"column":4}},"loc":{"start":{"line":65,"column":26},"end":{"line":78,"column":4}},"line":65},"4":{"name":"fetchPaginationData","decl":{"start":{"line":80,"column":30},"end":{"line":98,"column":4}},"loc":{"start":{"line":80,"column":30},"end":{"line":98,"column":4}},"line":80},"5":{"name":"handleCardClick","decl":{"start":{"line":100,"column":26},"end":{"line":107,"column":4}},"loc":{"start":{"line":100,"column":26},"end":{"line":107,"column":4}},"line":100},"6":{"name":"handleCloseDetails","decl":{"start":{"line":109,"column":29},"end":{"line":111,"column":4}},"loc":{"start":{"line":109,"column":29},"end":{"line":111,"column":4}},"line":109}},"f":{"0":11,"1":1,"2":1,"3":2,"4":3,"5":1,"6":0}}
,"C:\\Users\\amelichev\\Desktop\\JS\\rsSchoolReact\\React2024Q3\\RSS-React\\src\\components\\Pagination.tsx": {"path":"C:\\Users\\amelichev\\Desktop\\JS\\rsSchoolReact\\React2024Q3\\RSS-React\\src\\components\\Pagination.tsx","all":false,"statementMap":{"0":{"start":{"line":1,"column":0},"end":{"line":1,"column":33}},"1":{"start":{"line":2,"column":0},"end":{"line":2,"column":74}},"2":{"start":{"line":3,"column":0},"end":{"line":3,"column":53}},"8":{"start":{"line":9,"column":0},"end":{"line":9,"column":75}},"9":{"start":{"line":10,"column":0},"end":{"line":10,"column":52}},"10":{"start":{"line":11,"column":0},"end":{"line":11,"column":29}},"12":{"start":{"line":13,"column":0},"end":{"line":13,"column":58}},"13":{"start":{"line":14,"column":0},"end":{"line":14,"column":31}},"14":{"start":{"line":15,"column":0},"end":{"line":15,"column":29}},"15":{"start":{"line":16,"column":0},"end":{"line":16,"column":4}},"17":{"start":{"line":18,"column":0},"end":{"line":18,"column":50}},"18":{"start":{"line":19,"column":0},"end":{"line":19,"column":23}},"19":{"start":{"line":20,"column":0},"end":{"line":20,"column":14}},"22":{"start":{"line":23,"column":0},"end":{"line":23,"column":31}},"23":{"start":{"line":24,"column":0},"end":{"line":24,"column":49}},"24":{"start":{"line":25,"column":0},"end":{"line":25,"column":5}},"26":{"start":{"line":27,"column":0},"end":{"line":27,"column":38}},"27":{"start":{"line":28,"column":0},"end":{"line":28,"column":28}},"28":{"start":{"line":29,"column":0},"end":{"line":29,"column":36}},"29":{"start":{"line":30,"column":0},"end":{"line":30,"column":12}},"30":{"start":{"line":31,"column":0},"end":{"line":31,"column":47}},"31":{"start":{"line":32,"column":0},"end":{"line":32,"column":5}},"32":{"start":{"line":33,"column":0},"end":{"line":33,"column":84}},"34":{"start":{"line":35,"column":0},"end":{"line":35,"column":34}},"36":{"start":{"line":37,"column":0},"end":{"line":37,"column":43}},"37":{"start":{"line":38,"column":0},"end":{"line":38,"column":5}},"40":{"start":{"line":41,"column":0},"end":{"line":41,"column":24}},"41":{"start":{"line":42,"column":0},"end":{"line":42,"column":19}},"42":{"start":{"line":43,"column":0},"end":{"line":43,"column":16}},"43":{"start":{"line":44,"column":0},"end":{"line":44,"column":24}},"44":{"start":{"line":45,"column":0},"end":{"line":45,"column":17}},"45":{"start":{"line":46,"column":0},"end":{"line":46,"column":51}},"46":{"start":{"line":47,"column":0},"end":{"line":47,"column":39}},"47":{"start":{"line":48,"column":0},"end":{"line":48,"column":66}},"48":{"start":{"line":49,"column":0},"end":{"line":49,"column":20}},"49":{"start":{"line":50,"column":0},"end":{"line":50,"column":59}},"50":{"start":{"line":51,"column":0},"end":{"line":51,"column":37}},"52":{"start":{"line":53,"column":0},"end":{"line":53,"column":9}},"54":{"start":{"line":55,"column":0},"end":{"line":55,"column":18}},"55":{"start":{"line":56,"column":0},"end":{"line":56,"column":8}},"57":{"start":{"line":58,"column":0},"end":{"line":58,"column":19}},"58":{"start":{"line":59,"column":0},"end":{"line":59,"column":57}},"60":{"start":{"line":61,"column":0},"end":{"line":61,"column":15}},"61":{"start":{"line":62,"column":0},"end":{"line":62,"column":8}},"62":{"start":{"line":63,"column":0},"end":{"line":63,"column":5}},"64":{"start":{"line":65,"column":0},"end":{"line":65,"column":48}},"65":{"start":{"line":66,"column":0},"end":{"line":66,"column":19}},"66":{"start":{"line":67,"column":0},"end":{"line":67,"column":16}},"67":{"start":{"line":68,"column":0},"end":{"line":68,"column":27}},"68":{"start":{"line":69,"column":0},"end":{"line":69,"column":17}},"69":{"start":{"line":70,"column":0},"end":{"line":70,"column":51}},"70":{"start":{"line":71,"column":0},"end":{"line":71,"column":42}},"71":{"start":{"line":72,"column":0},"end":{"line":72,"column":66}},"72":{"start":{"line":73,"column":0},"end":{"line":73,"column":20}},"73":{"start":{"line":74,"column":0},"end":{"line":74,"column":59}},"74":{"start":{"line":75,"column":0},"end":{"line":75,"column":37}},"77":{"start":{"line":78,"column":0},"end":{"line":78,"column":13}},"78":{"start":{"line":79,"column":0},"end":{"line":79,"column":18}},"79":{"start":{"line":80,"column":0},"end":{"line":80,"column":8}},"80":{"start":{"line":81,"column":0},"end":{"line":81,"column":5}},"82":{"start":{"line":83,"column":0},"end":{"line":83,"column":19}},"83":{"start":{"line":84,"column":0},"end":{"line":84,"column":4}},"85":{"start":{"line":86,"column":0},"end":{"line":86,"column":72}},"86":{"start":{"line":87,"column":0},"end":{"line":87,"column":1}}},"s":{"0":1,"1":1,"2":1,"8":8,"9":8,"10":8,"12":8,"13":1,"14":1,"15":1,"17":8,"18":8,"19":8,"22":8,"23":7,"24":7,"26":8,"27":8,"28":1,"29":7,"30":7,"31":7,"32":8,"34":8,"36":0,"37":0,"40":8,"41":1,"42":1,"43":1,"44":1,"45":1,"46":1,"47":1,"48":1,"49":0,"50":1,"52":1,"54":1,"55":1,"57":1,"58":1,"60":1,"61":1,"62":1,"64":8,"65":40,"66":40,"67":40,"68":40,"69":40,"70":40,"71":40,"72":40,"73":7,"74":33,"77":40,"78":40,"79":40,"80":40,"82":40,"83":8,"85":8,"86":8},"branchMap":{"0":{"type":"branch","line":9,"loc":{"start":{"line":9,"column":0},"end":{"line":87,"column":1}},"locations":[{"start":{"line":9,"column":0},"end":{"line":87,"column":1}}]},"1":{"type":"branch","line":13,"loc":{"start":{"line":13,"column":27},"end":{"line":16,"column":4}},"locations":[{"start":{"line":13,"column":27},"end":{"line":16,"column":4}}]},"2":{"type":"branch","line":18,"loc":{"start":{"line":18,"column":28},"end":{"line":84,"column":4}},"locations":[{"start":{"line":18,"column":28},"end":{"line":84,"column":4}}]},"3":{"type":"branch","line":23,"loc":{"start":{"line":23,"column":30},"end":{"line":25,"column":5}},"locations":[{"start":{"line":23,"column":30},"end":{"line":25,"column":5}}]},"4":{"type":"branch","line":28,"loc":{"start":{"line":28,"column":27},"end":{"line":32,"column":5}},"locations":[{"start":{"line":28,"column":27},"end":{"line":32,"column":5}}]},"5":{"type":"branch","line":28,"loc":{"start":{"line":28,"column":27},"end":{"line":30,"column":11}},"locations":[{"start":{"line":28,"column":27},"end":{"line":30,"column":11}}]},"6":{"type":"branch","line":35,"loc":{"start":{"line":35,"column":33},"end":{"line":38,"column":5}},"locations":[{"start":{"line":35,"column":33},"end":{"line":38,"column":5}}]},"7":{"type":"branch","line":41,"loc":{"start":{"line":41,"column":23},"end":{"line":63,"column":5}},"locations":[{"start":{"line":41,"column":23},"end":{"line":63,"column":5}}]},"8":{"type":"branch","line":65,"loc":{"start":{"line":65,"column":47},"end":{"line":83,"column":19}},"locations":[{"start":{"line":65,"column":47},"end":{"line":83,"column":19}}]},"9":{"type":"branch","line":48,"loc":{"start":{"line":48,"column":21},"end":{"line":51,"column":37}},"locations":[{"start":{"line":48,"column":21},"end":{"line":51,"column":37}}]},"10":{"type":"branch","line":49,"loc":{"start":{"line":49,"column":12},"end":{"line":50,"column":59}},"locations":[{"start":{"line":49,"column":12},"end":{"line":50,"column":59}}]},"11":{"type":"branch","line":70,"loc":{"start":{"line":70,"column":19},"end":{"line":70,"column":51}},"locations":[{"start":{"line":70,"column":19},"end":{"line":70,"column":51}}]},"12":{"type":"branch","line":72,"loc":{"start":{"line":72,"column":21},"end":{"line":75,"column":37}},"locations":[{"start":{"line":72,"column":21},"end":{"line":75,"column":37}}]},"13":{"type":"branch","line":73,"loc":{"start":{"line":73,"column":12},"end":{"line":74,"column":59}},"locations":[{"start":{"line":73,"column":12},"end":{"line":74,"column":59}}]},"14":{"type":"branch","line":74,"loc":{"start":{"line":74,"column":57},"end":{"line":75,"column":37}},"locations":[{"start":{"line":74,"column":57},"end":{"line":75,"column":37}}]}},"b":{"0":[8],"1":[1],"2":[8],"3":[7],"4":[7],"5":[1],"6":[0],"7":[1],"8":[40],"9":[1],"10":[0],"11":[1],"12":[40],"13":[7],"14":[33]},"fnMap":{"0":{"name":"Pagination","decl":{"start":{"line":9,"column":0},"end":{"line":87,"column":1}},"loc":{"start":{"line":9,"column":0},"end":{"line":87,"column":1}},"line":9},"1":{"name":"handlePageChange","decl":{"start":{"line":13,"column":27},"end":{"line":16,"column":4}},"loc":{"start":{"line":13,"column":27},"end":{"line":16,"column":4}},"line":13},"2":{"name":"renderPageButtons","decl":{"start":{"line":18,"column":28},"end":{"line":84,"column":4}},"loc":{"start":{"line":18,"column":28},"end":{"line":84,"column":4}},"line":18},"3":{"name":"onClick","decl":{"start":{"line":46,"column":19},"end":{"line":46,"column":51}},"loc":{"start":{"line":46,"column":19},"end":{"line":46,"column":51}},"line":46},"4":{"name":"className","decl":{"start":{"line":48,"column":21},"end":{"line":51,"column":37}},"loc":{"start":{"line":48,"column":21},"end":{"line":51,"column":37}},"line":48},"5":{"name":"onClick","decl":{"start":{"line":70,"column":19},"end":{"line":70,"column":51}},"loc":{"start":{"line":70,"column":19},"end":{"line":70,"column":51}},"line":70},"6":{"name":"className","decl":{"start":{"line":72,"column":21},"end":{"line":75,"column":37}},"loc":{"start":{"line":72,"column":21},"end":{"line":75,"column":37}},"line":72}},"f":{"0":8,"1":1,"2":8,"3":0,"4":1,"5":1,"6":40}}
,"C:\\Users\\amelichev\\Desktop\\JS\\rsSchoolReact\\React2024Q3\\RSS-React\\src\\components\\loader.tsx": {"path":"C:\\Users\\amelichev\\Desktop\\JS\\rsSchoolReact\\React2024Q3\\RSS-React\\src\\components\\loader.tsx","all":false,"statementMap":{"0":{"start":{"line":1,"column":0},"end":{"line":1,"column":49}},"2":{"start":{"line":3,"column":0},"end":{"line":3,"column":47}},"3":{"start":{"line":4,"column":0},"end":{"line":4,"column":10}},"4":{"start":{"line":5,"column":0},"end":{"line":5,"column":55}},"6":{"start":{"line":7,"column":0},"end":{"line":7,"column":8}},"8":{"start":{"line":9,"column":0},"end":{"line":9,"column":1}}},"s":{"0":1,"2":2,"3":2,"4":2,"6":2,"8":2},"branchMap":{"0":{"type":"branch","line":3,"loc":{"start":{"line":3,"column":0},"end":{"line":9,"column":1}},"locations":[{"start":{"line":3,"column":0},"end":{"line":9,"column":1}}]}},"b":{"0":[2]},"fnMap":{"0":{"name":"Loader","decl":{"start":{"line":3,"column":0},"end":{"line":9,"column":1}},"loc":{"start":{"line":3,"column":0},"end":{"line":9,"column":1}},"line":3}},"f":{"0":2}}
,"C:\\Users\\amelichev\\Desktop\\JS\\rsSchoolReact\\React2024Q3\\RSS-React\\src\\utils\\fetchData.ts": {"path":"C:\\Users\\amelichev\\Desktop\\JS\\rsSchoolReact\\React2024Q3\\RSS-React\\src\\utils\\fetchData.ts","all":false,"statementMap":{"2":{"start":{"line":3,"column":0},"end":{"line":3,"column":32}},"3":{"start":{"line":4,"column":0},"end":{"line":4,"column":43}},"4":{"start":{"line":5,"column":0},"end":{"line":5,"column":13}},"5":{"start":{"line":6,"column":0},"end":{"line":6,"column":34}},"6":{"start":{"line":7,"column":0},"end":{"line":7,"column":21}},"8":{"start":{"line":9,"column":0},"end":{"line":9,"column":7}},"9":{"start":{"line":10,"column":0},"end":{"line":10,"column":38}},"11":{"start":{"line":12,"column":0},"end":{"line":12,"column":23}},"12":{"start":{"line":13,"column":0},"end":{"line":13,"column":36}},"13":{"start":{"line":14,"column":0},"end":{"line":14,"column":42}},"14":{"start":{"line":15,"column":0},"end":{"line":15,"column":7}},"15":{"start":{"line":16,"column":0},"end":{"line":16,"column":64}},"16":{"start":{"line":17,"column":0},"end":{"line":17,"column":5}},"18":{"start":{"line":19,"column":0},"end":{"line":19,"column":33}},"19":{"start":{"line":20,"column":0},"end":{"line":20,"column":28}},"20":{"start":{"line":21,"column":0},"end":{"line":21,"column":41}},"22":{"start":{"line":23,"column":0},"end":{"line":23,"column":33}},"23":{"start":{"line":24,"column":0},"end":{"line":24,"column":44}},"24":{"start":{"line":25,"column":0},"end":{"line":25,"column":61}},"25":{"start":{"line":26,"column":0},"end":{"line":26,"column":7}},"26":{"start":{"line":27,"column":0},"end":{"line":27,"column":5}},"28":{"start":{"line":29,"column":0},"end":{"line":29,"column":16}},"29":{"start":{"line":30,"column":0},"end":{"line":30,"column":13}},"30":{"start":{"line":31,"column":0},"end":{"line":31,"column":24}},"31":{"start":{"line":32,"column":0},"end":{"line":32,"column":3}},"32":{"start":{"line":33,"column":0},"end":{"line":33,"column":2}}},"s":{"2":1,"3":2,"4":2,"5":2,"6":2,"8":2,"9":2,"11":1,"12":0,"13":0,"14":0,"15":0,"16":0,"18":1,"19":1,"20":0,"22":0,"23":0,"24":0,"25":0,"26":0,"28":0,"29":1,"30":1,"31":1,"32":2},"branchMap":{"0":{"type":"branch","line":3,"loc":{"start":{"line":3,"column":25},"end":{"line":33,"column":2}},"locations":[{"start":{"line":3,"column":25},"end":{"line":33,"column":2}}]},"1":{"type":"branch","line":10,"loc":{"start":{"line":10,"column":36},"end":{"line":32,"column":3}},"locations":[{"start":{"line":10,"column":36},"end":{"line":32,"column":3}}]},"2":{"type":"branch","line":12,"loc":{"start":{"line":12,"column":22},"end":{"line":17,"column":5}},"locations":[{"start":{"line":12,"column":22},"end":{"line":17,"column":5}}]},"3":{"type":"branch","line":20,"loc":{"start":{"line":20,"column":2},"end":{"line":30,"column":4}},"locations":[{"start":{"line":20,"column":2},"end":{"line":30,"column":4}}]}},"b":{"0":[2],"1":[1],"2":[0],"3":[0]},"fnMap":{"0":{"name":"fetchData","decl":{"start":{"line":3,"column":25},"end":{"line":33,"column":2}},"loc":{"start":{"line":3,"column":25},"end":{"line":33,"column":2}},"line":3}},"f":{"0":2}}
,"C:\\Users\\amelichev\\Desktop\\JS\\rsSchoolReact\\React2024Q3\\RSS-React\\src\\utils\\fetchDataCard.ts": {"path":"C:\\Users\\amelichev\\Desktop\\JS\\rsSchoolReact\\React2024Q3\\RSS-React\\src\\utils\\fetchDataCard.ts","all":false,"statementMap":{"2":{"start":{"line":3,"column":0},"end":{"line":3,"column":36}},"3":{"start":{"line":4,"column":0},"end":{"line":4,"column":13}},"4":{"start":{"line":5,"column":0},"end":{"line":5,"column":34}},"5":{"start":{"line":6,"column":0},"end":{"line":6,"column":7}},"6":{"start":{"line":7,"column":0},"end":{"line":7,"column":38}},"7":{"start":{"line":8,"column":0},"end":{"line":8,"column":23}},"8":{"start":{"line":9,"column":0},"end":{"line":9,"column":64}},"9":{"start":{"line":10,"column":0},"end":{"line":10,"column":5}},"10":{"start":{"line":11,"column":0},"end":{"line":11,"column":33}},"11":{"start":{"line":12,"column":0},"end":{"line":12,"column":19}},"12":{"start":{"line":13,"column":0},"end":{"line":13,"column":41}},"13":{"start":{"line":14,"column":0},"end":{"line":14,"column":16}},"14":{"start":{"line":15,"column":0},"end":{"line":15,"column":3}},"15":{"start":{"line":16,"column":0},"end":{"line":16,"column":2}}},"s":{"2":1,"3":2,"4":2,"5":2,"6":2,"7":2,"8":0,"9":0,"10":2,"11":2,"12":0,"13":0,"14":0,"15":2},"branchMap":{"0":{"type":"branch","line":3,"loc":{"start":{"line":3,"column":29},"end":{"line":16,"column":2}},"locations":[{"start":{"line":3,"column":29},"end":{"line":16,"column":2}}]},"1":{"type":"branch","line":8,"loc":{"start":{"line":8,"column":22},"end":{"line":10,"column":5}},"locations":[{"start":{"line":8,"column":22},"end":{"line":10,"column":5}}]},"2":{"type":"branch","line":12,"loc":{"start":{"line":12,"column":2},"end":{"line":15,"column":3}},"locations":[{"start":{"line":12,"column":2},"end":{"line":15,"column":3}}]}},"b":{"0":[2],"1":[0],"2":[0]},"fnMap":{"0":{"name":"fetchDataCard","decl":{"start":{"line":3,"column":29},"end":{"line":16,"column":2}},"loc":{"start":{"line":3,"column":29},"end":{"line":16,"column":2}},"line":3}},"f":{"0":2}}
}
